[ 2016-10-09T12:17:27+08:00 ] 0.0.0.0 /myphpWeb/PrintingSystem/admin.php/Login/login
INFO: [ route_check ] --START--
INFO: CheckRoute Behavior ::run [ RunTime:0.001307s ]
INFO: [ route_check ] --END-- [ RunTime:0.001581s ]
INFO: [ app_begin ] --START--
INFO: ReadHtmlCache Behavior ::run [ RunTime:0.001035s ]
INFO: [ app_begin ] --END-- [ RunTime:0.001223s ]
ERR: 非法操作:login

[ 2016-10-09T12:17:52+08:00 ] 0.0.0.0 /myphpWeb/PrintingSystem/admin.php/index/login
INFO: [ route_check ] --START--
INFO: CheckRoute Behavior ::run [ RunTime:0.002219s ]
INFO: [ route_check ] --END-- [ RunTime:0.002609s ]
INFO: [ app_begin ] --START--
INFO: ReadHtmlCache Behavior ::run [ RunTime:0.000832s ]
INFO: [ app_begin ] --END-- [ RunTime:0.000994s ]
ERR: 无法加载模块:index

[ 2016-10-09T12:18:01+08:00 ] 0.0.0.0 /myphpWeb/PrintingSystem/admin.php/Index/login
INFO: [ route_check ] --START--
INFO: CheckRoute Behavior ::run [ RunTime:0.001066s ]
INFO: [ route_check ] --END-- [ RunTime:0.001255s ]
INFO: [ app_begin ] --START--
INFO: ReadHtmlCache Behavior ::run [ RunTime:0.000897s ]
INFO: [ app_begin ] --END-- [ RunTime:0.001064s ]
NOTIC: [8] Constant THEME_NAME already defined D:\learning\PHP\Web\PrintingSystem\ThinkPHP\Lib\Core\View.class.php 第 223 行.
NOTIC: [8] Constant THEME_PATH already defined D:\learning\PHP\Web\PrintingSystem\ThinkPHP\Lib\Core\View.class.php 第 174 行.
NOTIC: [8] Constant APP_TMPL_PATH already defined D:\learning\PHP\Web\PrintingSystem\ThinkPHP\Lib\Core\View.class.php 第 175 行.
INFO: [ view_parse ] --START--
NOTIC: [8] Undefined variable: msg D:\learning\PHP\Web\PrintingSystem\admin\Runtime\Cache\98370b89c25f3705ebf91fd80bb97c05.php 第 11 行.
INFO: ParseTemplate Behavior ::run [ RunTime:0.011237s ]
INFO: [ view_parse ] --END-- [ RunTime:0.011434s ]
INFO: [ view_filter ] --START--
INFO: ContentReplace Behavior ::run [ RunTime:0.000793s ]
INFO: TokenBuild Behavior ::run [ RunTime:0.000789s ]
INFO: WriteHtmlCache Behavior ::run [ RunTime:0.000645s ]
INFO: ShowRuntime Behavior ::run [ RunTime:0.001142s ]
INFO: [ view_filter ] --END-- [ RunTime:0.003923s ]
INFO: [ view_end ] --START--
INFO: ShowPageTrace Behavior ::run [ RunTime:0.000847s ]
INFO: [ view_end ] --END-- [ RunTime:0.001034s ]

[ 2016-10-09T12:18:06+08:00 ] 0.0.0.0 /myphpWeb/PrintingSystem/admin.php/Index/loginCheck
INFO: [ route_check ] --START--
INFO: CheckRoute Behavior ::run [ RunTime:0.001541s ]
INFO: [ route_check ] --END-- [ RunTime:0.001773s ]
INFO: [ app_begin ] --START--
INFO: ReadHtmlCache Behavior ::run [ RunTime:0.001019s ]
INFO: [ app_begin ] --END-- [ RunTime:0.001205s ]
ERR: 非法操作:loginCheck

[ 2016-10-09T12:18:42+08:00 ] 0.0.0.0 /myphpWeb/PrintingSystem/admin.php/Index/login
INFO: [ route_check ] --START--
INFO: CheckRoute Behavior ::run [ RunTime:0.001088s ]
INFO: [ route_check ] --END-- [ RunTime:0.001284s ]
INFO: [ app_begin ] --START--
INFO: ReadHtmlCache Behavior ::run [ RunTime:0.000892s ]
INFO: [ app_begin ] --END-- [ RunTime:0.001060s ]
NOTIC: [8] Constant THEME_NAME already defined D:\learning\PHP\Web\PrintingSystem\ThinkPHP\Lib\Core\View.class.php 第 223 行.
NOTIC: [8] Constant THEME_PATH already defined D:\learning\PHP\Web\PrintingSystem\ThinkPHP\Lib\Core\View.class.php 第 174 行.
NOTIC: [8] Constant APP_TMPL_PATH already defined D:\learning\PHP\Web\PrintingSystem\ThinkPHP\Lib\Core\View.class.php 第 175 行.
INFO: [ view_parse ] --START--
NOTIC: [8] Undefined variable: msg D:\learning\PHP\Web\PrintingSystem\admin\Runtime\Cache\98370b89c25f3705ebf91fd80bb97c05.php 第 11 行.
INFO: ParseTemplate Behavior ::run [ RunTime:0.028151s ]
INFO: [ view_parse ] --END-- [ RunTime:0.028353s ]
INFO: [ view_filter ] --START--
INFO: ContentReplace Behavior ::run [ RunTime:0.000814s ]
INFO: TokenBuild Behavior ::run [ RunTime:0.000801s ]
INFO: WriteHtmlCache Behavior ::run [ RunTime:0.000583s ]
INFO: ShowRuntime Behavior ::run [ RunTime:0.000911s ]
INFO: [ view_filter ] --END-- [ RunTime:0.003645s ]
INFO: [ view_end ] --START--
INFO: ShowPageTrace Behavior ::run [ RunTime:0.000960s ]
INFO: [ view_end ] --END-- [ RunTime:0.001137s ]

[ 2016-10-09T12:18:46+08:00 ] 0.0.0.0 /myphpWeb/PrintingSystem/admin.php/Index/Login/loginCheck
INFO: [ route_check ] --START--
INFO: CheckRoute Behavior ::run [ RunTime:0.001163s ]
INFO: [ route_check ] --END-- [ RunTime:0.001354s ]
INFO: [ app_begin ] --START--
INFO: ReadHtmlCache Behavior ::run [ RunTime:0.002135s ]
INFO: [ app_begin ] --END-- [ RunTime:0.002339s ]
ERR: 非法操作:Login

[ 2016-10-09T12:18:57+08:00 ] 0.0.0.0 /myphpWeb/PrintingSystem/admin.php/Index/Login/loginCheck
INFO: [ route_check ] --START--
INFO: CheckRoute Behavior ::run [ RunTime:0.001076s ]
INFO: [ route_check ] --END-- [ RunTime:0.001269s ]
INFO: [ app_begin ] --START--
INFO: ReadHtmlCache Behavior ::run [ RunTime:0.000893s ]
INFO: [ app_begin ] --END-- [ RunTime:0.001062s ]
ERR: 非法操作:Login

[ 2016-10-09T12:19:05+08:00 ] 0.0.0.0 /myphpWeb/PrintingSystem/admin.php/Index/Login
INFO: [ route_check ] --START--
INFO: CheckRoute Behavior ::run [ RunTime:0.000941s ]
INFO: [ route_check ] --END-- [ RunTime:0.001106s ]
INFO: [ app_begin ] --START--
INFO: ReadHtmlCache Behavior ::run [ RunTime:0.000781s ]
INFO: [ app_begin ] --END-- [ RunTime:0.000925s ]
ERR: 非法操作:Login

[ 2016-10-09T12:19:11+08:00 ] 0.0.0.0 /myphpWeb/PrintingSystem/admin.php/Index/Login
INFO: [ route_check ] --START--
INFO: CheckRoute Behavior ::run [ RunTime:0.001062s ]
INFO: [ route_check ] --END-- [ RunTime:0.001254s ]
INFO: [ app_begin ] --START--
INFO: ReadHtmlCache Behavior ::run [ RunTime:0.000909s ]
INFO: [ app_begin ] --END-- [ RunTime:0.001077s ]
ERR: 非法操作:Login

[ 2016-10-09T12:19:19+08:00 ] 0.0.0.0 /myphpWeb/PrintingSystem/admin.php/Index/login
INFO: [ route_check ] --START--
INFO: CheckRoute Behavior ::run [ RunTime:0.001069s ]
INFO: [ route_check ] --END-- [ RunTime:0.001257s ]
INFO: [ app_begin ] --START--
INFO: ReadHtmlCache Behavior ::run [ RunTime:0.000903s ]
INFO: [ app_begin ] --END-- [ RunTime:0.001073s ]
NOTIC: [8] Constant THEME_NAME already defined D:\learning\PHP\Web\PrintingSystem\ThinkPHP\Lib\Core\View.class.php 第 223 行.
NOTIC: [8] Constant THEME_PATH already defined D:\learning\PHP\Web\PrintingSystem\ThinkPHP\Lib\Core\View.class.php 第 174 行.
NOTIC: [8] Constant APP_TMPL_PATH already defined D:\learning\PHP\Web\PrintingSystem\ThinkPHP\Lib\Core\View.class.php 第 175 行.
INFO: [ view_parse ] --START--
NOTIC: [8] Undefined variable: msg D:\learning\PHP\Web\PrintingSystem\admin\Runtime\Cache\98370b89c25f3705ebf91fd80bb97c05.php 第 11 行.
INFO: ParseTemplate Behavior ::run [ RunTime:0.022906s ]
INFO: [ view_parse ] --END-- [ RunTime:0.023095s ]
INFO: [ view_filter ] --START--
INFO: ContentReplace Behavior ::run [ RunTime:0.000764s ]
INFO: TokenBuild Behavior ::run [ RunTime:0.000829s ]
INFO: WriteHtmlCache Behavior ::run [ RunTime:0.000541s ]
INFO: ShowRuntime Behavior ::run [ RunTime:0.000747s ]
INFO: [ view_filter ] --END-- [ RunTime:0.003336s ]
INFO: [ view_end ] --START--
INFO: ShowPageTrace Behavior ::run [ RunTime:0.000752s ]
INFO: [ view_end ] --END-- [ RunTime:0.000894s ]

[ 2016-10-09T12:19:23+08:00 ] 0.0.0.0 /myphpWeb/PrintingSystem/admin.php/Index/Login/loginCheck
INFO: [ route_check ] --START--
INFO: CheckRoute Behavior ::run [ RunTime:0.001265s ]
INFO: [ route_check ] --END-- [ RunTime:0.001510s ]
INFO: [ app_begin ] --START--
INFO: ReadHtmlCache Behavior ::run [ RunTime:0.000905s ]
INFO: [ app_begin ] --END-- [ RunTime:0.001075s ]
ERR: 非法操作:Login

[ 2016-10-09T12:21:54+08:00 ] 0.0.0.0 /myphpWeb/PrintingSystem/admin.php/Login/login
INFO: [ route_check ] --START--
INFO: CheckRoute Behavior ::run [ RunTime:0.001176s ]
INFO: [ route_check ] --END-- [ RunTime:0.001376s ]
INFO: [ app_begin ] --START--
INFO: ReadHtmlCache Behavior ::run [ RunTime:0.000810s ]
INFO: [ app_begin ] --END-- [ RunTime:0.000962s ]
NOTIC: [8] Constant THEME_NAME already defined D:\learning\PHP\Web\PrintingSystem\ThinkPHP\Lib\Core\View.class.php 第 223 行.
NOTIC: [8] Constant THEME_PATH already defined D:\learning\PHP\Web\PrintingSystem\ThinkPHP\Lib\Core\View.class.php 第 174 行.
NOTIC: [8] Constant APP_TMPL_PATH already defined D:\learning\PHP\Web\PrintingSystem\ThinkPHP\Lib\Core\View.class.php 第 175 行.
INFO: [ view_parse ] --START--
NOTIC: [8] Undefined variable: msg D:\learning\PHP\Web\PrintingSystem\admin\Runtime\Cache\fb2be52d765518fc15777abc6b25a348.php 第 11 行.
INFO: ParseTemplate Behavior ::run [ RunTime:0.010123s ]
INFO: [ view_parse ] --END-- [ RunTime:0.010282s ]
INFO: [ view_filter ] --START--
INFO: ContentReplace Behavior ::run [ RunTime:0.000648s ]
INFO: TokenBuild Behavior ::run [ RunTime:0.000657s ]
INFO: WriteHtmlCache Behavior ::run [ RunTime:0.000465s ]
INFO: ShowRuntime Behavior ::run [ RunTime:0.000753s ]
INFO: [ view_filter ] --END-- [ RunTime:0.002929s ]
INFO: [ view_end ] --START--
INFO: ShowPageTrace Behavior ::run [ RunTime:0.000701s ]
INFO: [ view_end ] --END-- [ RunTime:0.000840s ]

[ 2016-10-09T12:21:59+08:00 ] 0.0.0.0 /myphpWeb/PrintingSystem/admin.php/Login/loginCheck
INFO: [ route_check ] --START--
INFO: CheckRoute Behavior ::run [ RunTime:0.001072s ]
INFO: [ route_check ] --END-- [ RunTime:0.001264s ]
INFO: [ app_begin ] --START--
INFO: ReadHtmlCache Behavior ::run [ RunTime:0.000892s ]
INFO: [ app_begin ] --END-- [ RunTime:0.001103s ]
NOTIC: [2048] Declaration of LoginModel::check() should be compatible with Model::check($value, $rule, $type = 'regex') D:\learning\PHP\Web\PrintingSystem\admin\Lib\Model\LoginModel.class.php 第 6 行.
SQL: SHOW COLUMNS FROM `think_login` [ RunTime:0.000223s ]
ERR: 1046:No database selected
 [ SQL语句 ] : SHOW COLUMNS FROM `think_login`
SQL: SHOW COLUMNS FROM `think_user` [ RunTime:0.000157s ]
ERR: 1046:No database selected
 [ SQL语句 ] : SHOW COLUMNS FROM `think_user`
SQL: SELECT * FROM `think_user` WHERE ( `userName` = 'admin' ) AND ( `userPwd` = 'admin' ) LIMIT 1   [ RunTime:0.000214s ]
ERR: 1046:No database selected
 [ SQL语句 ] : SELECT * FROM `think_user` WHERE ( `userName` = 'admin' ) AND ( `userPwd` = 'admin' ) LIMIT 1  
INFO: [ view_parse ] --START--
INFO: ParseTemplate Behavior ::run [ RunTime:0.035927s ]
INFO: [ view_parse ] --END-- [ RunTime:0.036117s ]
INFO: [ view_filter ] --START--
INFO: ContentReplace Behavior ::run [ RunTime:0.000631s ]
INFO: TokenBuild Behavior ::run [ RunTime:0.000621s ]
INFO: WriteHtmlCache Behavior ::run [ RunTime:0.000455s ]
INFO: ShowRuntime Behavior ::run [ RunTime:0.000718s ]
INFO: [ view_filter ] --END-- [ RunTime:0.002793s ]
INFO: [ view_end ] --START--
INFO: ShowPageTrace Behavior ::run [ RunTime:0.000647s ]
INFO: [ view_end ] --END-- [ RunTime:0.000779s ]

[ 2016-10-09T12:22:08+08:00 ] 0.0.0.0 /myphpWeb/PrintingSystem/admin.php/Login/loginCheck
INFO: [ route_check ] --START--
INFO: CheckRoute Behavior ::run [ RunTime:0.001259s ]
INFO: [ route_check ] --END-- [ RunTime:0.001461s ]
INFO: [ app_begin ] --START--
INFO: ReadHtmlCache Behavior ::run [ RunTime:0.001686s ]
INFO: [ app_begin ] --END-- [ RunTime:0.002086s ]
NOTIC: [2048] Declaration of LoginModel::check() should be compatible with Model::check($value, $rule, $type = 'regex') D:\learning\PHP\Web\PrintingSystem\admin\Lib\Model\LoginModel.class.php 第 6 行.
SQL: SHOW COLUMNS FROM `think_login` [ RunTime:0.000135s ]
ERR: 1046:No database selected
 [ SQL语句 ] : SHOW COLUMNS FROM `think_login`
SQL: SHOW COLUMNS FROM `think_user` [ RunTime:0.000189s ]
ERR: 1046:No database selected
 [ SQL语句 ] : SHOW COLUMNS FROM `think_user`
SQL: SELECT * FROM `think_user` WHERE ( `userName` = 'admin' ) AND ( `userPwd` = 'admin' ) LIMIT 1   [ RunTime:0.000326s ]
ERR: 1046:No database selected
 [ SQL语句 ] : SELECT * FROM `think_user` WHERE ( `userName` = 'admin' ) AND ( `userPwd` = 'admin' ) LIMIT 1  
INFO: [ view_parse ] --START--
INFO: ParseTemplate Behavior ::run [ RunTime:0.011359s ]
INFO: [ view_parse ] --END-- [ RunTime:0.011654s ]
INFO: [ view_filter ] --START--
INFO: ContentReplace Behavior ::run [ RunTime:0.001272s ]
INFO: TokenBuild Behavior ::run [ RunTime:0.001186s ]
INFO: WriteHtmlCache Behavior ::run [ RunTime:0.000888s ]
INFO: ShowRuntime Behavior ::run [ RunTime:0.000938s ]
INFO: [ view_filter ] --END-- [ RunTime:0.004949s ]
INFO: [ view_end ] --START--
INFO: ShowPageTrace Behavior ::run [ RunTime:0.000806s ]
INFO: [ view_end ] --END-- [ RunTime:0.000968s ]

[ 2016-10-09T12:22:31+08:00 ] 0.0.0.0 /myphpWeb/PrintingSystem/admin.php/Login/loginCheck
INFO: [ route_check ] --START--
INFO: CheckRoute Behavior ::run [ RunTime:0.001081s ]
INFO: [ route_check ] --END-- [ RunTime:0.001273s ]
INFO: [ app_begin ] --START--
INFO: ReadHtmlCache Behavior ::run [ RunTime:0.002407s ]
INFO: [ app_begin ] --END-- [ RunTime:0.002618s ]
NOTIC: [2048] Declaration of LoginModel::check() should be compatible with Model::check($value, $rule, $type = 'regex') D:\learning\PHP\Web\PrintingSystem\admin\Lib\Model\LoginModel.class.php 第 6 行.
SQL: SHOW COLUMNS FROM `think_login` [ RunTime:0.000202s ]
ERR: 1046:No database selected
 [ SQL语句 ] : SHOW COLUMNS FROM `think_login`
SQL: SHOW COLUMNS FROM `think_user` [ RunTime:0.000185s ]
ERR: 1046:No database selected
 [ SQL语句 ] : SHOW COLUMNS FROM `think_user`
SQL: SELECT * FROM `think_user` WHERE ( `userName` = 'admin' ) AND ( `userPwd` = 'admin' ) LIMIT 1   [ RunTime:0.000140s ]
ERR: 1046:No database selected
 [ SQL语句 ] : SELECT * FROM `think_user` WHERE ( `userName` = 'admin' ) AND ( `userPwd` = 'admin' ) LIMIT 1  
INFO: [ view_parse ] --START--
INFO: ParseTemplate Behavior ::run [ RunTime:0.009584s ]
INFO: [ view_parse ] --END-- [ RunTime:0.009750s ]
INFO: [ view_filter ] --START--
INFO: ContentReplace Behavior ::run [ RunTime:0.001658s ]
INFO: TokenBuild Behavior ::run [ RunTime:0.002012s ]
INFO: WriteHtmlCache Behavior ::run [ RunTime:0.001002s ]
INFO: ShowRuntime Behavior ::run [ RunTime:0.001522s ]
INFO: [ view_filter ] --END-- [ RunTime:0.007232s ]
INFO: [ view_end ] --START--
INFO: ShowPageTrace Behavior ::run [ RunTime:0.001250s ]
INFO: [ view_end ] --END-- [ RunTime:0.001622s ]

[ 2016-10-09T12:23:15+08:00 ] 0.0.0.0 /myphpWeb/PrintingSystem/admin.php/Login/loginCheck
INFO: [ route_check ] --START--
INFO: CheckRoute Behavior ::run [ RunTime:0.001248s ]
INFO: [ route_check ] --END-- [ RunTime:0.001503s ]
INFO: [ app_begin ] --START--
INFO: ReadHtmlCache Behavior ::run [ RunTime:0.000778s ]
INFO: [ app_begin ] --END-- [ RunTime:0.000924s ]
NOTIC: [2048] Declaration of LoginModel::check() should be compatible with Model::check($value, $rule, $type = 'regex') D:\learning\PHP\Web\PrintingSystem\admin\Lib\Model\LoginModel.class.php 第 6 行.
SQL: SHOW COLUMNS FROM `think_login` [ RunTime:0.000175s ]
ERR: 1046:No database selected
 [ SQL语句 ] : SHOW COLUMNS FROM `think_login`
SQL: SHOW COLUMNS FROM `think_user` [ RunTime:0.000747s ]
ERR: 1046:No database selected
 [ SQL语句 ] : SHOW COLUMNS FROM `think_user`
SQL: SELECT * FROM `think_user` WHERE ( `userName` = 'admin' ) AND ( `userPwd` = 'admin' ) LIMIT 1   [ RunTime:0.000217s ]
ERR: 1046:No database selected
 [ SQL语句 ] : SELECT * FROM `think_user` WHERE ( `userName` = 'admin' ) AND ( `userPwd` = 'admin' ) LIMIT 1  
INFO: [ view_parse ] --START--
INFO: ParseTemplate Behavior ::run [ RunTime:0.009926s ]
INFO: [ view_parse ] --END-- [ RunTime:0.010151s ]
INFO: [ view_filter ] --START--
INFO: ContentReplace Behavior ::run [ RunTime:0.001108s ]
INFO: TokenBuild Behavior ::run [ RunTime:0.001250s ]
INFO: WriteHtmlCache Behavior ::run [ RunTime:0.001287s ]
INFO: ShowRuntime Behavior ::run [ RunTime:0.000832s ]
INFO: [ view_filter ] --END-- [ RunTime:0.005265s ]
INFO: [ view_end ] --START--
INFO: ShowPageTrace Behavior ::run [ RunTime:0.000683s ]
INFO: [ view_end ] --END-- [ RunTime:0.000815s ]

[ 2016-10-09T12:24:39+08:00 ] 0.0.0.0 /myphpWeb/PrintingSystem/admin.php/Login/loginCheck
INFO: [ route_check ] --START--
INFO: CheckRoute Behavior ::run [ RunTime:0.001250s ]
INFO: [ route_check ] --END-- [ RunTime:0.001450s ]
INFO: [ app_begin ] --START--
INFO: ReadHtmlCache Behavior ::run [ RunTime:0.000810s ]
INFO: [ app_begin ] --END-- [ RunTime:0.000963s ]
NOTIC: [2048] Declaration of LoginModel::check() should be compatible with Model::check($value, $rule, $type = 'regex') D:\learning\PHP\Web\PrintingSystem\admin\Lib\Model\LoginModel.class.php 第 6 行.
SQL: SHOW COLUMNS FROM `tb_login` [ RunTime:0.073116s ]
ERR: 1146:Table 'db_printing.tb_login' doesn't exist
 [ SQL语句 ] : SHOW COLUMNS FROM `tb_login`
SQL: SHOW COLUMNS FROM `tb_user` [ RunTime:0.089696s ]
SQL: SELECT * FROM `tb_user` WHERE ( `userName` = 'admin' ) AND ( `userPwd` = 'admin' ) LIMIT 1   [ RunTime:0.001208s ]

[ 2016-10-09T12:24:43+08:00 ] 0.0.0.0 /myphpWeb/PrintingSystem/admin.php/Index/main.html
INFO: [ route_check ] --START--
INFO: CheckRoute Behavior ::run [ RunTime:0.001362s ]
INFO: [ route_check ] --END-- [ RunTime:0.001598s ]
INFO: [ app_begin ] --START--
INFO: ReadHtmlCache Behavior ::run [ RunTime:0.001123s ]
INFO: [ app_begin ] --END-- [ RunTime:0.001334s ]
INFO: [ view_parse ] --START--
INFO: ParseTemplate Behavior ::run [ RunTime:0.105843s ]
INFO: [ view_parse ] --END-- [ RunTime:0.106119s ]
INFO: [ view_filter ] --START--
INFO: ContentReplace Behavior ::run [ RunTime:0.000933s ]
INFO: TokenBuild Behavior ::run [ RunTime:0.000974s ]
INFO: WriteHtmlCache Behavior ::run [ RunTime:0.000716s ]
INFO: ShowRuntime Behavior ::run [ RunTime:0.001144s ]
INFO: [ view_filter ] --END-- [ RunTime:0.004431s ]
INFO: [ view_end ] --START--
INFO: ShowPageTrace Behavior ::run [ RunTime:0.001050s ]
INFO: [ view_end ] --END-- [ RunTime:0.001273s ]

[ 2016-10-09T12:25:10+08:00 ] 0.0.0.0 /myphpWeb/PrintingSystem/admin.php/Login/login
INFO: [ route_check ] --START--
INFO: CheckRoute Behavior ::run [ RunTime:0.000891s ]
INFO: [ route_check ] --END-- [ RunTime:0.001057s ]
INFO: [ app_begin ] --START--
INFO: ReadHtmlCache Behavior ::run [ RunTime:0.000744s ]
INFO: [ app_begin ] --END-- [ RunTime:0.000890s ]
NOTIC: [8] Constant THEME_NAME already defined D:\learning\PHP\Web\PrintingSystem\ThinkPHP\Lib\Core\View.class.php 第 223 行.
NOTIC: [8] Constant THEME_PATH already defined D:\learning\PHP\Web\PrintingSystem\ThinkPHP\Lib\Core\View.class.php 第 174 行.
NOTIC: [8] Constant APP_TMPL_PATH already defined D:\learning\PHP\Web\PrintingSystem\ThinkPHP\Lib\Core\View.class.php 第 175 行.
INFO: [ view_parse ] --START--
NOTIC: [8] Undefined variable: msg D:\learning\PHP\Web\PrintingSystem\admin\Runtime\Cache\fb2be52d765518fc15777abc6b25a348.php 第 11 行.
INFO: ParseTemplate Behavior ::run [ RunTime:0.010198s ]
INFO: [ view_parse ] --END-- [ RunTime:0.010411s ]
INFO: [ view_filter ] --START--
INFO: ContentReplace Behavior ::run [ RunTime:0.000691s ]
INFO: TokenBuild Behavior ::run [ RunTime:0.000644s ]
INFO: WriteHtmlCache Behavior ::run [ RunTime:0.000482s ]
INFO: ShowRuntime Behavior ::run [ RunTime:0.000767s ]
INFO: [ view_filter ] --END-- [ RunTime:0.003027s ]
INFO: [ view_end ] --START--
INFO: ShowPageTrace Behavior ::run [ RunTime:0.000733s ]
INFO: [ view_end ] --END-- [ RunTime:0.000888s ]

[ 2016-10-09T12:25:14+08:00 ] 0.0.0.0 /myphpWeb/PrintingSystem/admin.php/Login/loginCheck
INFO: [ route_check ] --START--
INFO: CheckRoute Behavior ::run [ RunTime:0.001043s ]
INFO: [ route_check ] --END-- [ RunTime:0.001237s ]
INFO: [ app_begin ] --START--
INFO: ReadHtmlCache Behavior ::run [ RunTime:0.000901s ]
INFO: [ app_begin ] --END-- [ RunTime:0.001077s ]
NOTIC: [2048] Declaration of LoginModel::check() should be compatible with Model::check($value, $rule, $type = 'regex') D:\learning\PHP\Web\PrintingSystem\admin\Lib\Model\LoginModel.class.php 第 6 行.
SQL: SHOW COLUMNS FROM `tb_login` [ RunTime:0.028803s ]
ERR: 1146:Table 'db_printing.tb_login' doesn't exist
 [ SQL语句 ] : SHOW COLUMNS FROM `tb_login`
SQL: SHOW COLUMNS FROM `tb_user` [ RunTime:0.071288s ]
SQL: SELECT * FROM `tb_user` WHERE ( `userName` = 'admin' ) AND ( `userPwd` = 'admin' ) LIMIT 1   [ RunTime:0.000415s ]

[ 2016-10-09T12:25:14+08:00 ] 0.0.0.0 /myphpWeb/PrintingSystem/admin.php/Index/main.html
INFO: [ route_check ] --START--
INFO: CheckRoute Behavior ::run [ RunTime:0.000836s ]
INFO: [ route_check ] --END-- [ RunTime:0.000991s ]
INFO: [ app_begin ] --START--
INFO: ReadHtmlCache Behavior ::run [ RunTime:0.000691s ]
INFO: [ app_begin ] --END-- [ RunTime:0.000827s ]
INFO: [ view_parse ] --START--
INFO: ParseTemplate Behavior ::run [ RunTime:0.010391s ]
INFO: [ view_parse ] --END-- [ RunTime:0.010580s ]
INFO: [ view_filter ] --START--
INFO: ContentReplace Behavior ::run [ RunTime:0.000595s ]
INFO: TokenBuild Behavior ::run [ RunTime:0.000594s ]
INFO: WriteHtmlCache Behavior ::run [ RunTime:0.000428s ]
INFO: ShowRuntime Behavior ::run [ RunTime:0.000750s ]
INFO: [ view_filter ] --END-- [ RunTime:0.002801s ]
INFO: [ view_end ] --START--
INFO: ShowPageTrace Behavior ::run [ RunTime:0.000656s ]
INFO: [ view_end ] --END-- [ RunTime:0.000799s ]

[ 2016-10-09T12:40:24+08:00 ] 0.0.0.0 /myphpWeb/PrintingSystem/admin.php/Index/main.html
INFO: [ route_check ] --START--
INFO: CheckRoute Behavior ::run [ RunTime:0.001815s ]
INFO: [ route_check ] --END-- [ RunTime:0.002071s ]
INFO: [ app_begin ] --START--
INFO: ReadHtmlCache Behavior ::run [ RunTime:0.000877s ]
INFO: [ app_begin ] --END-- [ RunTime:0.001046s ]
INFO: [ view_parse ] --START--
INFO: ParseTemplate Behavior ::run [ RunTime:0.018910s ]
INFO: [ view_parse ] --END-- [ RunTime:0.019124s ]
INFO: [ view_filter ] --START--
INFO: ContentReplace Behavior ::run [ RunTime:0.000628s ]
INFO: TokenBuild Behavior ::run [ RunTime:0.000602s ]
INFO: WriteHtmlCache Behavior ::run [ RunTime:0.000430s ]
INFO: ShowRuntime Behavior ::run [ RunTime:0.000720s ]
INFO: [ view_filter ] --END-- [ RunTime:0.002799s ]
INFO: [ view_end ] --START--
INFO: ShowPageTrace Behavior ::run [ RunTime:0.000664s ]
INFO: [ view_end ] --END-- [ RunTime:0.000805s ]

[ 2016-10-09T12:44:31+08:00 ] 0.0.0.0 /myphpWeb/PrintingSystem/admin.php/Index/main.html
INFO: [ route_check ] --START--
INFO: CheckRoute Behavior ::run [ RunTime:0.001940s ]
INFO: [ route_check ] --END-- [ RunTime:0.002158s ]
INFO: [ app_begin ] --START--
INFO: ReadHtmlCache Behavior ::run [ RunTime:0.000926s ]
INFO: [ app_begin ] --END-- [ RunTime:0.001093s ]
INFO: [ view_parse ] --START--
INFO: ParseTemplate Behavior ::run [ RunTime:0.020502s ]
INFO: [ view_parse ] --END-- [ RunTime:0.020703s ]
INFO: [ view_filter ] --START--
INFO: ContentReplace Behavior ::run [ RunTime:0.000657s ]
INFO: TokenBuild Behavior ::run [ RunTime:0.000651s ]
INFO: WriteHtmlCache Behavior ::run [ RunTime:0.000466s ]
INFO: ShowRuntime Behavior ::run [ RunTime:0.000744s ]
INFO: [ view_filter ] --END-- [ RunTime:0.002925s ]
INFO: [ view_end ] --START--
INFO: ShowPageTrace Behavior ::run [ RunTime:0.000792s ]
INFO: [ view_end ] --END-- [ RunTime:0.000942s ]

[ 2016-10-09T12:53:44+08:00 ] 0.0.0.0 /myphpWeb/PrintingSystem/admin.php/Login/login
INFO: [ route_check ] --START--
INFO: CheckRoute Behavior ::run [ RunTime:0.001179s ]
INFO: [ route_check ] --END-- [ RunTime:0.001378s ]
INFO: [ app_begin ] --START--
INFO: ReadHtmlCache Behavior ::run [ RunTime:0.001716s ]
INFO: [ app_begin ] --END-- [ RunTime:0.002005s ]

[ 2016-10-09T12:53:56+08:00 ] 0.0.0.0 /myphpWeb/PrintingSystem/admin.php/Login/login
INFO: [ route_check ] --START--
INFO: CheckRoute Behavior ::run [ RunTime:0.001157s ]
INFO: [ route_check ] --END-- [ RunTime:0.001349s ]
INFO: [ app_begin ] --START--
INFO: ReadHtmlCache Behavior ::run [ RunTime:0.001524s ]
INFO: [ app_begin ] --END-- [ RunTime:0.001710s ]
NOTIC: [8] Constant THEME_NAME already defined D:\learning\PHP\Web\PrintingSystem\ThinkPHP\Lib\Core\View.class.php 第 223 行.
NOTIC: [8] Constant THEME_PATH already defined D:\learning\PHP\Web\PrintingSystem\ThinkPHP\Lib\Core\View.class.php 第 174 行.
NOTIC: [8] Constant APP_TMPL_PATH already defined D:\learning\PHP\Web\PrintingSystem\ThinkPHP\Lib\Core\View.class.php 第 175 行.
INFO: [ view_parse ] --START--
NOTIC: [8] Undefined variable: msg D:\learning\PHP\Web\PrintingSystem\admin\Runtime\Cache\fb2be52d765518fc15777abc6b25a348.php 第 11 行.
INFO: ParseTemplate Behavior ::run [ RunTime:0.010486s ]
INFO: [ view_parse ] --END-- [ RunTime:0.010659s ]
INFO: [ view_filter ] --START--
INFO: ContentReplace Behavior ::run [ RunTime:0.000735s ]
INFO: TokenBuild Behavior ::run [ RunTime:0.001203s ]
INFO: WriteHtmlCache Behavior ::run [ RunTime:0.000696s ]
INFO: ShowRuntime Behavior ::run [ RunTime:0.000861s ]
INFO: [ view_filter ] --END-- [ RunTime:0.004001s ]
INFO: [ view_end ] --START--
INFO: ShowPageTrace Behavior ::run [ RunTime:0.000813s ]
INFO: [ view_end ] --END-- [ RunTime:0.000975s ]

[ 2016-10-09T12:54:04+08:00 ] 0.0.0.0 /myphpWeb/PrintingSystem/admin.php/Login/loginCheck
INFO: [ route_check ] --START--
INFO: CheckRoute Behavior ::run [ RunTime:0.001373s ]
INFO: [ route_check ] --END-- [ RunTime:0.001733s ]
INFO: [ app_begin ] --START--
INFO: ReadHtmlCache Behavior ::run [ RunTime:0.000862s ]
INFO: [ app_begin ] --END-- [ RunTime:0.001040s ]
NOTIC: [2048] Declaration of LoginModel::check() should be compatible with Model::check($value, $rule, $type = 'regex') D:\learning\PHP\Web\PrintingSystem\admin\Lib\Model\LoginModel.class.php 第 6 行.
SQL: SHOW COLUMNS FROM `tb_login` [ RunTime:0.023612s ]
ERR: 1146:Table 'db_printing.tb_login' doesn't exist
 [ SQL语句 ] : SHOW COLUMNS FROM `tb_login`
SQL: SHOW COLUMNS FROM `tb_user` [ RunTime:0.076949s ]
SQL: SELECT * FROM `tb_user` WHERE ( `userName` = 'admin' ) AND ( `userPwd` = 'admin' ) LIMIT 1   [ RunTime:0.000419s ]

[ 2016-10-09T12:54:04+08:00 ] 0.0.0.0 /myphpWeb/PrintingSystem/admin.php/Index/main.html
INFO: [ route_check ] --START--
INFO: CheckRoute Behavior ::run [ RunTime:0.000734s ]
INFO: [ route_check ] --END-- [ RunTime:0.000895s ]
INFO: [ app_begin ] --START--
INFO: ReadHtmlCache Behavior ::run [ RunTime:0.000576s ]
INFO: [ app_begin ] --END-- [ RunTime:0.000710s ]
INFO: [ view_parse ] --START--
INFO: ParseTemplate Behavior ::run [ RunTime:0.010629s ]
INFO: [ view_parse ] --END-- [ RunTime:0.010848s ]
INFO: [ view_filter ] --START--
INFO: ContentReplace Behavior ::run [ RunTime:0.000913s ]
INFO: TokenBuild Behavior ::run [ RunTime:0.000790s ]
INFO: WriteHtmlCache Behavior ::run [ RunTime:0.000586s ]
INFO: ShowRuntime Behavior ::run [ RunTime:0.000751s ]
INFO: [ view_filter ] --END-- [ RunTime:0.003562s ]
INFO: [ view_end ] --START--
INFO: ShowPageTrace Behavior ::run [ RunTime:0.000861s ]
INFO: [ view_end ] --END-- [ RunTime:0.001036s ]

[ 2016-10-09T12:54:14+08:00 ] 0.0.0.0 /myphpWeb/PrintingSystem/admin.php/Login/loginCheck
INFO: [ route_check ] --START--
INFO: CheckRoute Behavior ::run [ RunTime:0.001039s ]
INFO: [ route_check ] --END-- [ RunTime:0.001323s ]
INFO: [ app_begin ] --START--
INFO: ReadHtmlCache Behavior ::run [ RunTime:0.000830s ]
INFO: [ app_begin ] --END-- [ RunTime:0.001042s ]
NOTIC: [2048] Declaration of LoginModel::check() should be compatible with Model::check($value, $rule, $type = 'regex') D:\learning\PHP\Web\PrintingSystem\admin\Lib\Model\LoginModel.class.php 第 6 行.
SQL: SHOW COLUMNS FROM `tb_login` [ RunTime:0.033173s ]
ERR: 1146:Table 'db_printing.tb_login' doesn't exist
 [ SQL语句 ] : SHOW COLUMNS FROM `tb_login`
SQL: SHOW COLUMNS FROM `tb_user` [ RunTime:0.063236s ]
SQL: SELECT * FROM `tb_user` WHERE ( `userName` = 'wenxing' ) AND ( `userPwd` = 'wenxing' ) LIMIT 1   [ RunTime:0.000393s ]

[ 2016-10-09T12:54:14+08:00 ] 0.0.0.0 /myphpWeb/PrintingSystem/admin.php/Index/main.html
INFO: [ route_check ] --START--
INFO: CheckRoute Behavior ::run [ RunTime:0.000914s ]
INFO: [ route_check ] --END-- [ RunTime:0.001099s ]
INFO: [ app_begin ] --START--
INFO: ReadHtmlCache Behavior ::run [ RunTime:0.000688s ]
INFO: [ app_begin ] --END-- [ RunTime:0.000854s ]
INFO: [ view_parse ] --START--
INFO: ParseTemplate Behavior ::run [ RunTime:0.010642s ]
INFO: [ view_parse ] --END-- [ RunTime:0.010888s ]
INFO: [ view_filter ] --START--
INFO: ContentReplace Behavior ::run [ RunTime:0.001039s ]
INFO: TokenBuild Behavior ::run [ RunTime:0.001187s ]
INFO: WriteHtmlCache Behavior ::run [ RunTime:0.000382s ]
INFO: ShowRuntime Behavior ::run [ RunTime:0.000603s ]
INFO: [ view_filter ] --END-- [ RunTime:0.003803s ]
INFO: [ view_end ] --START--
INFO: ShowPageTrace Behavior ::run [ RunTime:0.000653s ]
INFO: [ view_end ] --END-- [ RunTime:0.000824s ]

[ 2016-10-09T12:55:04+08:00 ] 0.0.0.0 /myphpWeb/PrintingSystem/admin.php/Login/loginCheck
INFO: [ route_check ] --START--
INFO: CheckRoute Behavior ::run [ RunTime:0.002289s ]
INFO: [ route_check ] --END-- [ RunTime:0.002498s ]
INFO: [ app_begin ] --START--
INFO: ReadHtmlCache Behavior ::run [ RunTime:0.002245s ]
INFO: [ app_begin ] --END-- [ RunTime:0.002491s ]
NOTIC: [2048] Declaration of LoginModel::check() should be compatible with Model::check($value, $rule, $type = 'regex') D:\learning\PHP\Web\PrintingSystem\admin\Lib\Model\LoginModel.class.php 第 6 行.
SQL: SHOW COLUMNS FROM `tb_login` [ RunTime:0.017013s ]
ERR: 1146:Table 'db_printing.tb_login' doesn't exist
 [ SQL语句 ] : SHOW COLUMNS FROM `tb_login`
SQL: SHOW COLUMNS FROM `tb_user` [ RunTime:0.084103s ]
SQL: SELECT * FROM `tb_user` WHERE ( `userName` = 'wenxing' ) AND ( `userPwd` = 'wenxing' ) LIMIT 1   [ RunTime:0.000442s ]

[ 2016-10-09T12:55:04+08:00 ] 0.0.0.0 /myphpWeb/PrintingSystem/admin.php/Index/main.html
INFO: [ route_check ] --START--
INFO: CheckRoute Behavior ::run [ RunTime:0.001718s ]
INFO: [ route_check ] --END-- [ RunTime:0.001895s ]
INFO: [ app_begin ] --START--
INFO: ReadHtmlCache Behavior ::run [ RunTime:0.002854s ]
INFO: [ app_begin ] --END-- [ RunTime:0.003048s ]
INFO: [ view_parse ] --START--
INFO: ParseTemplate Behavior ::run [ RunTime:0.014535s ]
INFO: [ view_parse ] --END-- [ RunTime:0.014721s ]
INFO: [ view_filter ] --START--
INFO: ContentReplace Behavior ::run [ RunTime:0.001554s ]
INFO: TokenBuild Behavior ::run [ RunTime:0.001734s ]
INFO: WriteHtmlCache Behavior ::run [ RunTime:0.001479s ]
INFO: ShowRuntime Behavior ::run [ RunTime:0.002403s ]
INFO: [ view_filter ] --END-- [ RunTime:0.007681s ]
INFO: [ view_end ] --START--
INFO: ShowPageTrace Behavior ::run [ RunTime:0.002438s ]
INFO: [ view_end ] --END-- [ RunTime:0.002684s ]

[ 2016-10-09T12:55:09+08:00 ] 0.0.0.0 /myphpWeb/PrintingSystem/admin.php/Login/login
INFO: [ route_check ] --START--
INFO: CheckRoute Behavior ::run [ RunTime:0.001973s ]
INFO: [ route_check ] --END-- [ RunTime:0.002172s ]
INFO: [ app_begin ] --START--
INFO: ReadHtmlCache Behavior ::run [ RunTime:0.002160s ]
INFO: [ app_begin ] --END-- [ RunTime:0.002403s ]
NOTIC: [8] Constant THEME_NAME already defined D:\learning\PHP\Web\PrintingSystem\ThinkPHP\Lib\Core\View.class.php 第 223 行.
NOTIC: [8] Constant THEME_PATH already defined D:\learning\PHP\Web\PrintingSystem\ThinkPHP\Lib\Core\View.class.php 第 174 行.
NOTIC: [8] Constant APP_TMPL_PATH already defined D:\learning\PHP\Web\PrintingSystem\ThinkPHP\Lib\Core\View.class.php 第 175 行.
INFO: [ view_parse ] --START--
NOTIC: [8] Undefined variable: msg D:\learning\PHP\Web\PrintingSystem\admin\Runtime\Cache\fb2be52d765518fc15777abc6b25a348.php 第 11 行.
INFO: ParseTemplate Behavior ::run [ RunTime:0.014597s ]
INFO: [ view_parse ] --END-- [ RunTime:0.014791s ]
INFO: [ view_filter ] --START--
INFO: ContentReplace Behavior ::run [ RunTime:0.001594s ]
INFO: TokenBuild Behavior ::run [ RunTime:0.001533s ]
INFO: WriteHtmlCache Behavior ::run [ RunTime:0.001365s ]
INFO: ShowRuntime Behavior ::run [ RunTime:0.001917s ]
INFO: [ view_filter ] --END-- [ RunTime:0.006961s ]
INFO: [ view_end ] --START--
INFO: ShowPageTrace Behavior ::run [ RunTime:0.001957s ]
INFO: [ view_end ] --END-- [ RunTime:0.002138s ]

[ 2016-10-09T12:55:14+08:00 ] 0.0.0.0 /myphpWeb/PrintingSystem/admin.php/Login/loginCheck
INFO: [ route_check ] --START--
INFO: CheckRoute Behavior ::run [ RunTime:0.001245s ]
INFO: [ route_check ] --END-- [ RunTime:0.001542s ]
INFO: [ app_begin ] --START--
INFO: ReadHtmlCache Behavior ::run [ RunTime:0.000749s ]
INFO: [ app_begin ] --END-- [ RunTime:0.000924s ]
NOTIC: [2048] Declaration of LoginModel::check() should be compatible with Model::check($value, $rule, $type = 'regex') D:\learning\PHP\Web\PrintingSystem\admin\Lib\Model\LoginModel.class.php 第 6 行.
SQL: SHOW COLUMNS FROM `tb_login` [ RunTime:0.027129s ]
ERR: 1146:Table 'db_printing.tb_login' doesn't exist
 [ SQL语句 ] : SHOW COLUMNS FROM `tb_login`
SQL: SHOW COLUMNS FROM `tb_user` [ RunTime:0.028922s ]
SQL: SELECT * FROM `tb_user` WHERE ( `userName` = 'admin' ) AND ( `userPwd` = 'admin' ) LIMIT 1   [ RunTime:0.000540s ]

[ 2016-10-09T12:55:14+08:00 ] 0.0.0.0 /myphpWeb/PrintingSystem/admin.php/Index/main.html
INFO: [ route_check ] --START--
INFO: CheckRoute Behavior ::run [ RunTime:0.000786s ]
INFO: [ route_check ] --END-- [ RunTime:0.000951s ]
INFO: [ app_begin ] --START--
INFO: ReadHtmlCache Behavior ::run [ RunTime:0.000954s ]
INFO: [ app_begin ] --END-- [ RunTime:0.001224s ]
INFO: [ view_parse ] --START--
INFO: ParseTemplate Behavior ::run [ RunTime:0.007801s ]
INFO: [ view_parse ] --END-- [ RunTime:0.008021s ]
INFO: [ view_filter ] --START--
INFO: ContentReplace Behavior ::run [ RunTime:0.000582s ]
INFO: TokenBuild Behavior ::run [ RunTime:0.000480s ]
INFO: WriteHtmlCache Behavior ::run [ RunTime:0.000296s ]
INFO: ShowRuntime Behavior ::run [ RunTime:0.000609s ]
INFO: [ view_filter ] --END-- [ RunTime:0.002376s ]
INFO: [ view_end ] --START--
INFO: ShowPageTrace Behavior ::run [ RunTime:0.000618s ]
INFO: [ view_end ] --END-- [ RunTime:0.000769s ]

[ 2016-10-09T12:55:49+08:00 ] 0.0.0.0 /myphpWeb/PrintingSystem/admin.php/Login/loginCheck
INFO: [ route_check ] --START--
INFO: CheckRoute Behavior ::run [ RunTime:0.000963s ]
INFO: [ route_check ] --END-- [ RunTime:0.001204s ]
INFO: [ app_begin ] --START--
INFO: ReadHtmlCache Behavior ::run [ RunTime:0.000811s ]
INFO: [ app_begin ] --END-- [ RunTime:0.000988s ]
NOTIC: [2048] Declaration of LoginModel::check() should be compatible with Model::check($value, $rule, $type = 'regex') D:\learning\PHP\Web\PrintingSystem\admin\Lib\Model\LoginModel.class.php 第 6 行.
SQL: SHOW COLUMNS FROM `tb_login` [ RunTime:0.176935s ]
ERR: 1146:Table 'db_printing.tb_login' doesn't exist
 [ SQL语句 ] : SHOW COLUMNS FROM `tb_login`
SQL: SHOW COLUMNS FROM `tb_user` [ RunTime:0.019443s ]
SQL: SELECT * FROM `tb_user` WHERE ( `userName` = 'wenxing' ) AND ( `userPwd` = 'wenxing' ) LIMIT 1   [ RunTime:0.000665s ]

[ 2016-10-09T12:55:49+08:00 ] 0.0.0.0 /myphpWeb/PrintingSystem/admin.php/Index/main.html
INFO: [ route_check ] --START--
INFO: CheckRoute Behavior ::run [ RunTime:0.000730s ]
INFO: [ route_check ] --END-- [ RunTime:0.000892s ]
INFO: [ app_begin ] --START--
INFO: ReadHtmlCache Behavior ::run [ RunTime:0.000589s ]
INFO: [ app_begin ] --END-- [ RunTime:0.000733s ]
INFO: [ view_parse ] --START--
INFO: ParseTemplate Behavior ::run [ RunTime:0.009235s ]
INFO: [ view_parse ] --END-- [ RunTime:0.009432s ]
INFO: [ view_filter ] --START--
INFO: ContentReplace Behavior ::run [ RunTime:0.000609s ]
INFO: TokenBuild Behavior ::run [ RunTime:0.000518s ]
INFO: WriteHtmlCache Behavior ::run [ RunTime:0.000345s ]
INFO: ShowRuntime Behavior ::run [ RunTime:0.000613s ]
INFO: [ view_filter ] --END-- [ RunTime:0.002550s ]
INFO: [ view_end ] --START--
INFO: ShowPageTrace Behavior ::run [ RunTime:0.000626s ]
INFO: [ view_end ] --END-- [ RunTime:0.000783s ]

[ 2016-10-09T12:56:01+08:00 ] 0.0.0.0 /myphpWeb/PrintingSystem/admin.php/Login/login
INFO: [ route_check ] --START--
INFO: CheckRoute Behavior ::run [ RunTime:0.001310s ]
INFO: [ route_check ] --END-- [ RunTime:0.001558s ]
INFO: [ app_begin ] --START--
INFO: ReadHtmlCache Behavior ::run [ RunTime:0.000920s ]
INFO: [ app_begin ] --END-- [ RunTime:0.001154s ]
NOTIC: [8] Constant THEME_NAME already defined D:\learning\PHP\Web\PrintingSystem\ThinkPHP\Lib\Core\View.class.php 第 223 行.
NOTIC: [8] Constant THEME_PATH already defined D:\learning\PHP\Web\PrintingSystem\ThinkPHP\Lib\Core\View.class.php 第 174 行.
NOTIC: [8] Constant APP_TMPL_PATH already defined D:\learning\PHP\Web\PrintingSystem\ThinkPHP\Lib\Core\View.class.php 第 175 行.
INFO: [ view_parse ] --START--
NOTIC: [8] Undefined variable: msg D:\learning\PHP\Web\PrintingSystem\admin\Runtime\Cache\fb2be52d765518fc15777abc6b25a348.php 第 11 行.
INFO: ParseTemplate Behavior ::run [ RunTime:0.011832s ]
INFO: [ view_parse ] --END-- [ RunTime:0.012127s ]
INFO: [ view_filter ] --START--
INFO: ContentReplace Behavior ::run [ RunTime:0.000754s ]
INFO: TokenBuild Behavior ::run [ RunTime:0.000613s ]
INFO: WriteHtmlCache Behavior ::run [ RunTime:0.000396s ]
INFO: ShowRuntime Behavior ::run [ RunTime:0.000750s ]
INFO: [ view_filter ] --END-- [ RunTime:0.003066s ]
INFO: [ view_end ] --START--
INFO: ShowPageTrace Behavior ::run [ RunTime:0.000937s ]
INFO: [ view_end ] --END-- [ RunTime:0.001153s ]

[ 2016-10-09T12:56:10+08:00 ] 0.0.0.0 /myphpWeb/PrintingSystem/admin.php/Login/loginCheck
INFO: [ route_check ] --START--
INFO: CheckRoute Behavior ::run [ RunTime:0.001747s ]
INFO: [ route_check ] --END-- [ RunTime:0.001911s ]
INFO: [ app_begin ] --START--
INFO: ReadHtmlCache Behavior ::run [ RunTime:0.002837s ]
INFO: [ app_begin ] --END-- [ RunTime:0.003103s ]
NOTIC: [2048] Declaration of LoginModel::check() should be compatible with Model::check($value, $rule, $type = 'regex') D:\learning\PHP\Web\PrintingSystem\admin\Lib\Model\LoginModel.class.php 第 6 行.
SQL: SHOW COLUMNS FROM `tb_login` [ RunTime:0.010543s ]
ERR: 1146:Table 'db_printing.tb_login' doesn't exist
 [ SQL语句 ] : SHOW COLUMNS FROM `tb_login`
SQL: SHOW COLUMNS FROM `tb_user` [ RunTime:0.079609s ]
SQL: SELECT * FROM `tb_user` WHERE ( `userName` = 'wenxing' ) AND ( `userPwd` = 'wenxing' ) LIMIT 1   [ RunTime:0.000388s ]

[ 2016-10-09T12:57:49+08:00 ] 0.0.0.0 /myphpWeb/PrintingSystem/admin.php/Login/loginCheck
INFO: [ route_check ] --START--
INFO: CheckRoute Behavior ::run [ RunTime:0.000955s ]
INFO: [ route_check ] --END-- [ RunTime:0.001167s ]
INFO: [ app_begin ] --START--
INFO: ReadHtmlCache Behavior ::run [ RunTime:0.000897s ]
INFO: [ app_begin ] --END-- [ RunTime:0.001085s ]
NOTIC: [2048] Declaration of LoginModel::check() should be compatible with Model::check($value, $rule, $type = 'regex') D:\learning\PHP\Web\PrintingSystem\admin\Lib\Model\LoginModel.class.php 第 6 行.
SQL: SHOW COLUMNS FROM `tb_login` [ RunTime:0.025763s ]
ERR: 1146:Table 'db_printing.tb_login' doesn't exist
 [ SQL语句 ] : SHOW COLUMNS FROM `tb_login`
SQL: SHOW COLUMNS FROM `tb_user` [ RunTime:0.065984s ]
SQL: SELECT * FROM `tb_user` WHERE ( `userName` = 'wenxing' ) AND ( `userPwd` = 'wenxing' ) LIMIT 1   [ RunTime:0.000533s ]

[ 2016-10-09T12:58:55+08:00 ] 0.0.0.0 /myphpWeb/PrintingSystem/admin.php/Login/login
INFO: [ route_check ] --START--
INFO: CheckRoute Behavior ::run [ RunTime:0.002051s ]
INFO: [ route_check ] --END-- [ RunTime:0.002543s ]
INFO: [ app_begin ] --START--
INFO: ReadHtmlCache Behavior ::run [ RunTime:0.001073s ]
INFO: [ app_begin ] --END-- [ RunTime:0.001307s ]
NOTIC: [8] Constant THEME_NAME already defined D:\learning\PHP\Web\PrintingSystem\ThinkPHP\Lib\Core\View.class.php 第 223 行.
NOTIC: [8] Constant THEME_PATH already defined D:\learning\PHP\Web\PrintingSystem\ThinkPHP\Lib\Core\View.class.php 第 174 行.
NOTIC: [8] Constant APP_TMPL_PATH already defined D:\learning\PHP\Web\PrintingSystem\ThinkPHP\Lib\Core\View.class.php 第 175 行.
INFO: [ view_parse ] --START--
NOTIC: [8] Undefined variable: msg D:\learning\PHP\Web\PrintingSystem\admin\Runtime\Cache\fb2be52d765518fc15777abc6b25a348.php 第 11 行.
INFO: ParseTemplate Behavior ::run [ RunTime:0.046851s ]
INFO: [ view_parse ] --END-- [ RunTime:0.047086s ]
INFO: [ view_filter ] --START--
INFO: ContentReplace Behavior ::run [ RunTime:0.001043s ]
INFO: TokenBuild Behavior ::run [ RunTime:0.000985s ]
INFO: WriteHtmlCache Behavior ::run [ RunTime:0.000617s ]
INFO: ShowRuntime Behavior ::run [ RunTime:0.001015s ]
INFO: [ view_filter ] --END-- [ RunTime:0.004318s ]
INFO: [ view_end ] --START--
INFO: ShowPageTrace Behavior ::run [ RunTime:0.001824s ]
INFO: [ view_end ] --END-- [ RunTime:0.002143s ]

[ 2016-10-09T12:58:58+08:00 ] 0.0.0.0 /myphpWeb/PrintingSystem/admin.php/Login/loginCheck
INFO: [ route_check ] --START--
INFO: CheckRoute Behavior ::run [ RunTime:0.001095s ]
INFO: [ route_check ] --END-- [ RunTime:0.001289s ]
INFO: [ app_begin ] --START--
INFO: ReadHtmlCache Behavior ::run [ RunTime:0.000824s ]
INFO: [ app_begin ] --END-- [ RunTime:0.000998s ]
NOTIC: [2048] Declaration of LoginModel::check() should be compatible with Model::check($value, $rule, $type = 'regex') D:\learning\PHP\Web\PrintingSystem\admin\Lib\Model\LoginModel.class.php 第 6 行.
SQL: SHOW COLUMNS FROM `tb_login` [ RunTime:0.027876s ]
ERR: 1146:Table 'db_printing.tb_login' doesn't exist
 [ SQL语句 ] : SHOW COLUMNS FROM `tb_login`
SQL: SHOW COLUMNS FROM `tb_user` [ RunTime:0.109446s ]
SQL: SELECT * FROM `tb_user` WHERE ( `userName` = 'wenxing' ) AND ( `userPwd` = 'wenxing' ) LIMIT 1   [ RunTime:0.000611s ]

[ 2016-10-09T13:00:02+08:00 ] 0.0.0.0 /myphpWeb/PrintingSystem/admin.php/Login/login
INFO: [ route_check ] --START--
INFO: CheckRoute Behavior ::run [ RunTime:0.001291s ]
INFO: [ route_check ] --END-- [ RunTime:0.001537s ]
INFO: [ app_begin ] --START--
INFO: ReadHtmlCache Behavior ::run [ RunTime:0.000703s ]
INFO: [ app_begin ] --END-- [ RunTime:0.000882s ]
NOTIC: [8] Constant THEME_NAME already defined D:\learning\PHP\Web\PrintingSystem\ThinkPHP\Lib\Core\View.class.php 第 223 行.
NOTIC: [8] Constant THEME_PATH already defined D:\learning\PHP\Web\PrintingSystem\ThinkPHP\Lib\Core\View.class.php 第 174 行.
NOTIC: [8] Constant APP_TMPL_PATH already defined D:\learning\PHP\Web\PrintingSystem\ThinkPHP\Lib\Core\View.class.php 第 175 行.
INFO: [ view_parse ] --START--
NOTIC: [8] Undefined variable: msg D:\learning\PHP\Web\PrintingSystem\admin\Runtime\Cache\fb2be52d765518fc15777abc6b25a348.php 第 11 行.
INFO: ParseTemplate Behavior ::run [ RunTime:0.007936s ]
INFO: [ view_parse ] --END-- [ RunTime:0.008130s ]
INFO: [ view_filter ] --START--
INFO: ContentReplace Behavior ::run [ RunTime:0.000518s ]
INFO: TokenBuild Behavior ::run [ RunTime:0.000552s ]
INFO: WriteHtmlCache Behavior ::run [ RunTime:0.000397s ]
INFO: ShowRuntime Behavior ::run [ RunTime:0.000949s ]
INFO: [ view_filter ] --END-- [ RunTime:0.002803s ]
INFO: [ view_end ] --START--
INFO: ShowPageTrace Behavior ::run [ RunTime:0.000679s ]
INFO: [ view_end ] --END-- [ RunTime:0.000811s ]

[ 2016-10-09T13:00:07+08:00 ] 0.0.0.0 /myphpWeb/PrintingSystem/admin.php/Login/loginCheck
INFO: [ route_check ] --START--
INFO: CheckRoute Behavior ::run [ RunTime:0.000730s ]
INFO: [ route_check ] --END-- [ RunTime:0.000897s ]
INFO: [ app_begin ] --START--
INFO: ReadHtmlCache Behavior ::run [ RunTime:0.001562s ]
INFO: [ app_begin ] --END-- [ RunTime:0.001796s ]
NOTIC: [2048] Declaration of LoginModel::check() should be compatible with Model::check($value, $rule, $type = 'regex') D:\learning\PHP\Web\PrintingSystem\admin\Lib\Model\LoginModel.class.php 第 6 行.
SQL: SHOW COLUMNS FROM `tb_login` [ RunTime:0.040478s ]
ERR: 1146:Table 'db_printing.tb_login' doesn't exist
 [ SQL语句 ] : SHOW COLUMNS FROM `tb_login`
SQL: SHOW COLUMNS FROM `tb_user` [ RunTime:0.070993s ]
SQL: SELECT * FROM `tb_user` WHERE ( `userName` = 'admin' ) AND ( `userPwd` = 'admin' ) LIMIT 1   [ RunTime:0.000430s ]

[ 2016-10-09T13:00:17+08:00 ] 0.0.0.0 /myphpWeb/PrintingSystem/admin.php/Login/loginCheck
INFO: [ route_check ] --START--
INFO: CheckRoute Behavior ::run [ RunTime:0.001123s ]
INFO: [ route_check ] --END-- [ RunTime:0.001413s ]
INFO: [ app_begin ] --START--
INFO: ReadHtmlCache Behavior ::run [ RunTime:0.000693s ]
INFO: [ app_begin ] --END-- [ RunTime:0.000858s ]
NOTIC: [2048] Declaration of LoginModel::check() should be compatible with Model::check($value, $rule, $type = 'regex') D:\learning\PHP\Web\PrintingSystem\admin\Lib\Model\LoginModel.class.php 第 6 行.
SQL: SHOW COLUMNS FROM `tb_login` [ RunTime:0.071368s ]
ERR: 1146:Table 'db_printing.tb_login' doesn't exist
 [ SQL语句 ] : SHOW COLUMNS FROM `tb_login`
SQL: SHOW COLUMNS FROM `tb_user` [ RunTime:0.076847s ]
SQL: SELECT * FROM `tb_user` WHERE ( `userName` = 'wenxing' ) AND ( `userPwd` = 'wenxing' ) LIMIT 1   [ RunTime:0.000380s ]
INFO: [ view_parse ] --START--
INFO: ParseTemplate Behavior ::run [ RunTime:0.008109s ]
INFO: [ view_parse ] --END-- [ RunTime:0.008351s ]
INFO: [ view_filter ] --START--
INFO: ContentReplace Behavior ::run [ RunTime:0.000851s ]
INFO: TokenBuild Behavior ::run [ RunTime:0.001051s ]
INFO: WriteHtmlCache Behavior ::run [ RunTime:0.000844s ]
INFO: ShowRuntime Behavior ::run [ RunTime:0.001406s ]
INFO: [ view_filter ] --END-- [ RunTime:0.005073s ]
INFO: [ view_end ] --START--
INFO: ShowPageTrace Behavior ::run [ RunTime:0.001310s ]
INFO: [ view_end ] --END-- [ RunTime:0.001625s ]

[ 2016-10-09T13:01:20+08:00 ] 0.0.0.0 /myphpWeb/PrintingSystem/admin.php/Login/loginCheck
INFO: [ route_check ] --START--
INFO: CheckRoute Behavior ::run [ RunTime:0.000818s ]
INFO: [ route_check ] --END-- [ RunTime:0.000994s ]
INFO: [ app_begin ] --START--
INFO: ReadHtmlCache Behavior ::run [ RunTime:0.000591s ]
INFO: [ app_begin ] --END-- [ RunTime:0.000744s ]
NOTIC: [2048] Declaration of LoginModel::check() should be compatible with Model::check($value, $rule, $type = 'regex') D:\learning\PHP\Web\PrintingSystem\admin\Lib\Model\LoginModel.class.php 第 6 行.
SQL: SHOW COLUMNS FROM `tb_login` [ RunTime:0.034156s ]
ERR: 1146:Table 'db_printing.tb_login' doesn't exist
 [ SQL语句 ] : SHOW COLUMNS FROM `tb_login`
SQL: SHOW COLUMNS FROM `tb_user` [ RunTime:0.077851s ]
SQL: SELECT * FROM `tb_user` WHERE ( `userName` = 'wenxing' ) AND ( `userPwd` = 'wenxing' ) LIMIT 1   [ RunTime:0.000398s ]
INFO: [ view_parse ] --START--
INFO: ParseTemplate Behavior ::run [ RunTime:0.008777s ]
INFO: [ view_parse ] --END-- [ RunTime:0.009016s ]
INFO: [ view_filter ] --START--
INFO: ContentReplace Behavior ::run [ RunTime:0.000697s ]
INFO: TokenBuild Behavior ::run [ RunTime:0.000464s ]
INFO: WriteHtmlCache Behavior ::run [ RunTime:0.000280s ]
INFO: ShowRuntime Behavior ::run [ RunTime:0.000563s ]
INFO: [ view_filter ] --END-- [ RunTime:0.002409s ]
INFO: [ view_end ] --START--
INFO: ShowPageTrace Behavior ::run [ RunTime:0.000626s ]
INFO: [ view_end ] --END-- [ RunTime:0.000772s ]

[ 2016-10-09T13:01:27+08:00 ] 0.0.0.0 /myphpWeb/PrintingSystem/admin.php/Login/loginCheck
INFO: [ route_check ] --START--
INFO: CheckRoute Behavior ::run [ RunTime:0.000892s ]
INFO: [ route_check ] --END-- [ RunTime:0.001095s ]
INFO: [ app_begin ] --START--
INFO: ReadHtmlCache Behavior ::run [ RunTime:0.001046s ]
INFO: [ app_begin ] --END-- [ RunTime:0.001334s ]
NOTIC: [2048] Declaration of LoginModel::check() should be compatible with Model::check($value, $rule, $type = 'regex') D:\learning\PHP\Web\PrintingSystem\admin\Lib\Model\LoginModel.class.php 第 6 行.
SQL: SHOW COLUMNS FROM `tb_login` [ RunTime:0.035732s ]
ERR: 1146:Table 'db_printing.tb_login' doesn't exist
 [ SQL语句 ] : SHOW COLUMNS FROM `tb_login`
SQL: SHOW COLUMNS FROM `tb_user` [ RunTime:0.034319s ]
SQL: SELECT * FROM `tb_user` WHERE ( `userName` = 'admin' ) AND ( `userPwd` = 'admin' ) LIMIT 1   [ RunTime:0.000638s ]

[ 2016-10-09T13:01:27+08:00 ] 0.0.0.0 /myphpWeb/PrintingSystem/admin.php/Index/main.html
INFO: [ route_check ] --START--
INFO: CheckRoute Behavior ::run [ RunTime:0.001037s ]
INFO: [ route_check ] --END-- [ RunTime:0.001257s ]
INFO: [ app_begin ] --START--
INFO: ReadHtmlCache Behavior ::run [ RunTime:0.000788s ]
INFO: [ app_begin ] --END-- [ RunTime:0.000972s ]
INFO: [ view_parse ] --START--
INFO: ParseTemplate Behavior ::run [ RunTime:0.019045s ]
INFO: [ view_parse ] --END-- [ RunTime:0.019290s ]
INFO: [ view_filter ] --START--
INFO: ContentReplace Behavior ::run [ RunTime:0.000510s ]
INFO: TokenBuild Behavior ::run [ RunTime:0.000462s ]
INFO: WriteHtmlCache Behavior ::run [ RunTime:0.000279s ]
INFO: ShowRuntime Behavior ::run [ RunTime:0.000588s ]
INFO: [ view_filter ] --END-- [ RunTime:0.002299s ]
INFO: [ view_end ] --START--
INFO: ShowPageTrace Behavior ::run [ RunTime:0.001670s ]
INFO: [ view_end ] --END-- [ RunTime:0.001919s ]

[ 2016-10-09T13:01:35+08:00 ] 0.0.0.0 /myphpWeb/PrintingSystem/admin.php/Login/loginCheck
INFO: [ route_check ] --START--
INFO: CheckRoute Behavior ::run [ RunTime:0.001638s ]
INFO: [ route_check ] --END-- [ RunTime:0.002233s ]
INFO: [ app_begin ] --START--
INFO: ReadHtmlCache Behavior ::run [ RunTime:0.000661s ]
INFO: [ app_begin ] --END-- [ RunTime:0.000810s ]
NOTIC: [2048] Declaration of LoginModel::check() should be compatible with Model::check($value, $rule, $type = 'regex') D:\learning\PHP\Web\PrintingSystem\admin\Lib\Model\LoginModel.class.php 第 6 行.
SQL: SHOW COLUMNS FROM `tb_login` [ RunTime:0.031961s ]
ERR: 1146:Table 'db_printing.tb_login' doesn't exist
 [ SQL语句 ] : SHOW COLUMNS FROM `tb_login`
SQL: SHOW COLUMNS FROM `tb_user` [ RunTime:0.120213s ]
SQL: SELECT * FROM `tb_user` WHERE ( `userName` = 'wenxing' ) AND ( `userPwd` = 'wenxign' ) LIMIT 1   [ RunTime:0.001221s ]
INFO: [ view_parse ] --START--
INFO: ParseTemplate Behavior ::run [ RunTime:0.009995s ]
INFO: [ view_parse ] --END-- [ RunTime:0.010218s ]
INFO: [ view_filter ] --START--
INFO: ContentReplace Behavior ::run [ RunTime:0.000676s ]
INFO: TokenBuild Behavior ::run [ RunTime:0.000584s ]
INFO: WriteHtmlCache Behavior ::run [ RunTime:0.000348s ]
INFO: ShowRuntime Behavior ::run [ RunTime:0.000707s ]
INFO: [ view_filter ] --END-- [ RunTime:0.002775s ]
INFO: [ view_end ] --START--
INFO: ShowPageTrace Behavior ::run [ RunTime:0.000796s ]
INFO: [ view_end ] --END-- [ RunTime:0.001004s ]

[ 2016-10-09T13:01:42+08:00 ] 0.0.0.0 /myphpWeb/PrintingSystem/admin.php/Login/loginCheck
INFO: [ route_check ] --START--
INFO: CheckRoute Behavior ::run [ RunTime:0.000844s ]
INFO: [ route_check ] --END-- [ RunTime:0.001034s ]
INFO: [ app_begin ] --START--
INFO: ReadHtmlCache Behavior ::run [ RunTime:0.000686s ]
INFO: [ app_begin ] --END-- [ RunTime:0.000840s ]
NOTIC: [2048] Declaration of LoginModel::check() should be compatible with Model::check($value, $rule, $type = 'regex') D:\learning\PHP\Web\PrintingSystem\admin\Lib\Model\LoginModel.class.php 第 6 行.
SQL: SHOW COLUMNS FROM `tb_login` [ RunTime:0.119901s ]
ERR: 1146:Table 'db_printing.tb_login' doesn't exist
 [ SQL语句 ] : SHOW COLUMNS FROM `tb_login`
SQL: SHOW COLUMNS FROM `tb_user` [ RunTime:0.016911s ]
SQL: SELECT * FROM `tb_user` WHERE ( `userName` = 'wenxing' ) AND ( `userPwd` = 'wenxing' ) LIMIT 1   [ RunTime:0.000502s ]
INFO: [ view_parse ] --START--
INFO: ParseTemplate Behavior ::run [ RunTime:0.012672s ]
INFO: [ view_parse ] --END-- [ RunTime:0.013036s ]
INFO: [ view_filter ] --START--
INFO: ContentReplace Behavior ::run [ RunTime:0.000639s ]
INFO: TokenBuild Behavior ::run [ RunTime:0.000702s ]
INFO: WriteHtmlCache Behavior ::run [ RunTime:0.000613s ]
INFO: ShowRuntime Behavior ::run [ RunTime:0.001604s ]
INFO: [ view_filter ] --END-- [ RunTime:0.004222s ]
INFO: [ view_end ] --START--
INFO: ShowPageTrace Behavior ::run [ RunTime:0.001385s ]
INFO: [ view_end ] --END-- [ RunTime:0.001605s ]

