[ 2016-10-07T01:17:50+08:00 ] 0.0.0.0 /myphpWeb/PrintingSystem/admin.php/Index/main
INFO: [ route_check ] --START--
INFO: CheckRoute Behavior ::run [ RunTime:0.016239s ]
INFO: [ route_check ] --END-- [ RunTime:0.016523s ]
INFO: [ app_begin ] --START--
INFO: ReadHtmlCache Behavior ::run [ RunTime:0.001206s ]
INFO: [ app_begin ] --END-- [ RunTime:0.001446s ]
NOTIC: [8] Constant THEME_NAME already defined D:\learning\PHP\Web\PrintingSystem\ThinkPHP\Lib\Core\View.class.php 第 223 行.
NOTIC: [8] Constant THEME_PATH already defined D:\learning\PHP\Web\PrintingSystem\ThinkPHP\Lib\Core\View.class.php 第 174 行.
NOTIC: [8] Constant APP_TMPL_PATH already defined D:\learning\PHP\Web\PrintingSystem\ThinkPHP\Lib\Core\View.class.php 第 175 行.
INFO: [ view_parse ] --START--
INFO: ParseTemplate Behavior ::run [ RunTime:0.023148s ]
INFO: [ view_parse ] --END-- [ RunTime:0.023354s ]
INFO: [ view_filter ] --START--
INFO: ContentReplace Behavior ::run [ RunTime:0.000557s ]
INFO: TokenBuild Behavior ::run [ RunTime:0.000514s ]
INFO: WriteHtmlCache Behavior ::run [ RunTime:0.000380s ]
INFO: ShowRuntime Behavior ::run [ RunTime:0.000614s ]
INFO: [ view_filter ] --END-- [ RunTime:0.002447s ]
INFO: [ view_end ] --START--
INFO: ShowPageTrace Behavior ::run [ RunTime:0.000683s ]
INFO: [ view_end ] --END-- [ RunTime:0.000826s ]

