[ 2016-09-27T22:41:02+08:00 ] 0.0.0.0 /PrintingSystem/
INFO: [ app_begin ] --START--
INFO: ReadHtmlCache Behavior ::run [ RunTime:0.030354s ]
INFO: [ app_begin ] --END-- [ RunTime:0.138257s ]
INFO: [ view_parse ] --START--
INFO: ParseTemplate Behavior ::run [ RunTime:0.175382s ]
INFO: [ view_parse ] --END-- [ RunTime:0.175737s ]
INFO: [ view_filter ] --START--
NOTIC: [8] Use of undefined constant APP_TMPL_PATH - assumed 'APP_TMPL_PATH' D:\worlk\PrintingSystem\ThinkPHP\Lib\Behavior\ContentReplaceBehavior.class.php 第 40 行.
NOTIC: [8] Use of undefined constant APP_TMPL_PATH - assumed 'APP_TMPL_PATH' D:\worlk\PrintingSystem\ThinkPHP\Lib\Behavior\ContentReplaceBehavior.class.php 第 47 行.
INFO: ContentReplace Behavior ::run [ RunTime:0.033098s ]
INFO: TokenBuild Behavior ::run [ RunTime:0.055208s ]
INFO: WriteHtmlCache Behavior ::run [ RunTime:0.041473s ]
INFO: ShowRuntime Behavior ::run [ RunTime:0.041209s ]
INFO: [ view_filter ] --END-- [ RunTime:0.171648s ]
INFO: [ view_end ] --START--
INFO: ShowPageTrace Behavior ::run [ RunTime:0.030368s ]
INFO: [ view_end ] --END-- [ RunTime:0.030666s ]

[ 2016-09-27T22:41:08+08:00 ] 0.0.0.0 /PrintingSystem/
INFO: [ app_begin ] --START--
INFO: ReadHtmlCache Behavior ::run [ RunTime:0.000845s ]
INFO: [ app_begin ] --END-- [ RunTime:0.001090s ]
INFO: [ view_parse ] --START--
INFO: ParseTemplate Behavior ::run [ RunTime:0.001585s ]
INFO: [ view_parse ] --END-- [ RunTime:0.001834s ]
INFO: [ view_filter ] --START--
NOTIC: [8] Use of undefined constant APP_TMPL_PATH - assumed 'APP_TMPL_PATH' D:\worlk\PrintingSystem\ThinkPHP\Lib\Behavior\ContentReplaceBehavior.class.php 第 40 行.
NOTIC: [8] Use of undefined constant APP_TMPL_PATH - assumed 'APP_TMPL_PATH' D:\worlk\PrintingSystem\ThinkPHP\Lib\Behavior\ContentReplaceBehavior.class.php 第 47 行.
INFO: ContentReplace Behavior ::run [ RunTime:0.000924s ]
INFO: TokenBuild Behavior ::run [ RunTime:0.000775s ]
INFO: WriteHtmlCache Behavior ::run [ RunTime:0.000494s ]
INFO: ShowRuntime Behavior ::run [ RunTime:0.000968s ]
INFO: [ view_filter ] --END-- [ RunTime:0.003835s ]
INFO: [ view_end ] --START--
INFO: ShowPageTrace Behavior ::run [ RunTime:0.000985s ]
INFO: [ view_end ] --END-- [ RunTime:0.001295s ]

[ 2016-09-27T23:18:24+08:00 ] 0.0.0.0 /PrintingSystem/
INFO: [ app_begin ] --START--
INFO: ReadHtmlCache Behavior ::run [ RunTime:0.073200s ]
INFO: [ app_begin ] --END-- [ RunTime:0.357550s ]
INFO: [ view_parse ] --START--
INFO: ParseTemplate Behavior ::run [ RunTime:0.040163s ]
INFO: [ view_parse ] --END-- [ RunTime:0.040516s ]
INFO: [ view_filter ] --START--
NOTIC: [8] Use of undefined constant APP_TMPL_PATH - assumed 'APP_TMPL_PATH' D:\worlk\PrintingSystem\ThinkPHP\Lib\Behavior\ContentReplaceBehavior.class.php 第 40 行.
NOTIC: [8] Use of undefined constant APP_TMPL_PATH - assumed 'APP_TMPL_PATH' D:\worlk\PrintingSystem\ThinkPHP\Lib\Behavior\ContentReplaceBehavior.class.php 第 47 行.
INFO: ContentReplace Behavior ::run [ RunTime:0.040434s ]
INFO: TokenBuild Behavior ::run [ RunTime:0.023718s ]
INFO: WriteHtmlCache Behavior ::run [ RunTime:0.058412s ]
INFO: ShowRuntime Behavior ::run [ RunTime:0.018095s ]
INFO: [ view_filter ] --END-- [ RunTime:0.141684s ]
INFO: [ view_end ] --START--
INFO: ShowPageTrace Behavior ::run [ RunTime:0.034945s ]
INFO: [ view_end ] --END-- [ RunTime:0.035195s ]

[ 2016-09-27T23:20:17+08:00 ] 0.0.0.0 /PrintingSystem/
INFO: [ app_begin ] --START--
INFO: ReadHtmlCache Behavior ::run [ RunTime:0.038262s ]
INFO: [ app_begin ] --END-- [ RunTime:0.038750s ]
INFO: [ view_parse ] --START--
INFO: ParseTemplate Behavior ::run [ RunTime:0.003273s ]
INFO: [ view_parse ] --END-- [ RunTime:0.003660s ]
INFO: [ view_filter ] --START--
NOTIC: [8] Use of undefined constant APP_TMPL_PATH - assumed 'APP_TMPL_PATH' D:\worlk\PrintingSystem\ThinkPHP\Lib\Behavior\ContentReplaceBehavior.class.php 第 40 行.
NOTIC: [8] Use of undefined constant APP_TMPL_PATH - assumed 'APP_TMPL_PATH' D:\worlk\PrintingSystem\ThinkPHP\Lib\Behavior\ContentReplaceBehavior.class.php 第 47 行.
INFO: ContentReplace Behavior ::run [ RunTime:0.049938s ]
INFO: TokenBuild Behavior ::run [ RunTime:0.043390s ]
INFO: WriteHtmlCache Behavior ::run [ RunTime:0.001031s ]
INFO: ShowRuntime Behavior ::run [ RunTime:0.001688s ]
INFO: [ view_filter ] --END-- [ RunTime:0.097338s ]
INFO: [ view_end ] --START--
INFO: ShowPageTrace Behavior ::run [ RunTime:0.002483s ]
INFO: [ view_end ] --END-- [ RunTime:0.003153s ]

[ 2016-09-27T23:21:00+08:00 ] 0.0.0.0 /PrintingSystem/index.php/Login/login
INFO: [ route_check ] --START--
INFO: CheckRoute Behavior ::run [ RunTime:0.040295s ]
INFO: [ route_check ] --END-- [ RunTime:0.040539s ]
INFO: [ app_begin ] --START--
INFO: ReadHtmlCache Behavior ::run [ RunTime:0.000815s ]
INFO: [ app_begin ] --END-- [ RunTime:0.000973s ]
NOTIC: [8] Constant THEME_NAME already defined D:\worlk\PrintingSystem\ThinkPHP\Lib\Core\View.class.php 第 223 行.
NOTIC: [8] Constant THEME_PATH already defined D:\worlk\PrintingSystem\ThinkPHP\Lib\Core\View.class.php 第 174 行.
NOTIC: [8] Constant APP_TMPL_PATH already defined D:\worlk\PrintingSystem\ThinkPHP\Lib\Core\View.class.php 第 175 行.
INFO: [ view_parse ] --START--
INFO: ParseTemplate Behavior ::run [ RunTime:0.205311s ]
INFO: [ view_parse ] --END-- [ RunTime:0.205678s ]
INFO: [ view_filter ] --START--
INFO: ContentReplace Behavior ::run [ RunTime:0.000946s ]
INFO: TokenBuild Behavior ::run [ RunTime:0.000593s ]
INFO: WriteHtmlCache Behavior ::run [ RunTime:0.000417s ]
INFO: ShowRuntime Behavior ::run [ RunTime:0.001129s ]
INFO: [ view_filter ] --END-- [ RunTime:0.004032s ]
INFO: [ view_end ] --START--
INFO: ShowPageTrace Behavior ::run [ RunTime:0.000871s ]
INFO: [ view_end ] --END-- [ RunTime:0.001029s ]

[ 2016-09-27T23:24:04+08:00 ] 0.0.0.0 /PrintingSystem/index.php/Login/login
INFO: [ route_check ] --START--
INFO: CheckRoute Behavior ::run [ RunTime:0.001110s ]
INFO: [ route_check ] --END-- [ RunTime:0.001318s ]
INFO: [ app_begin ] --START--
INFO: ReadHtmlCache Behavior ::run [ RunTime:0.000716s ]
INFO: [ app_begin ] --END-- [ RunTime:0.000872s ]
NOTIC: [8] Constant THEME_NAME already defined D:\worlk\PrintingSystem\ThinkPHP\Lib\Core\View.class.php 第 223 行.
NOTIC: [8] Constant THEME_PATH already defined D:\worlk\PrintingSystem\ThinkPHP\Lib\Core\View.class.php 第 174 行.
NOTIC: [8] Constant APP_TMPL_PATH already defined D:\worlk\PrintingSystem\ThinkPHP\Lib\Core\View.class.php 第 175 行.
INFO: [ view_parse ] --START--
INFO: ParseTemplate Behavior ::run [ RunTime:0.018539s ]
INFO: [ view_parse ] --END-- [ RunTime:0.018717s ]
INFO: [ view_filter ] --START--
INFO: ContentReplace Behavior ::run [ RunTime:0.000595s ]
INFO: TokenBuild Behavior ::run [ RunTime:0.000526s ]
INFO: WriteHtmlCache Behavior ::run [ RunTime:0.000411s ]
INFO: ShowRuntime Behavior ::run [ RunTime:0.000648s ]
INFO: [ view_filter ] --END-- [ RunTime:0.002590s ]
INFO: [ view_end ] --START--
INFO: ShowPageTrace Behavior ::run [ RunTime:0.000685s ]
INFO: [ view_end ] --END-- [ RunTime:0.000821s ]

[ 2016-09-27T23:24:04+08:00 ] 0.0.0.0 /PrintingSystem/index.php/Login/_PUBLIC_/Css/styles.css
INFO: [ route_check ] --START--
INFO: CheckRoute Behavior ::run [ RunTime:0.000792s ]
INFO: [ route_check ] --END-- [ RunTime:0.000973s ]
INFO: [ app_begin ] --START--
INFO: ReadHtmlCache Behavior ::run [ RunTime:0.000756s ]
INFO: [ app_begin ] --END-- [ RunTime:0.000950s ]
ERR: 非法操作:_PUBLIC_

[ 2016-09-27T23:24:09+08:00 ] 0.0.0.0 /PrintingSystem/index.php/Login/login
INFO: [ route_check ] --START--
INFO: CheckRoute Behavior ::run [ RunTime:0.000977s ]
INFO: [ route_check ] --END-- [ RunTime:0.001196s ]
INFO: [ app_begin ] --START--
INFO: ReadHtmlCache Behavior ::run [ RunTime:0.000690s ]
INFO: [ app_begin ] --END-- [ RunTime:0.000864s ]
NOTIC: [8] Constant THEME_NAME already defined D:\worlk\PrintingSystem\ThinkPHP\Lib\Core\View.class.php 第 223 行.
NOTIC: [8] Constant THEME_PATH already defined D:\worlk\PrintingSystem\ThinkPHP\Lib\Core\View.class.php 第 174 行.
NOTIC: [8] Constant APP_TMPL_PATH already defined D:\worlk\PrintingSystem\ThinkPHP\Lib\Core\View.class.php 第 175 行.
INFO: [ view_parse ] --START--
INFO: ParseTemplate Behavior ::run [ RunTime:0.008612s ]
INFO: [ view_parse ] --END-- [ RunTime:0.008850s ]
INFO: [ view_filter ] --START--
INFO: ContentReplace Behavior ::run [ RunTime:0.000567s ]
INFO: TokenBuild Behavior ::run [ RunTime:0.000487s ]
INFO: WriteHtmlCache Behavior ::run [ RunTime:0.000302s ]
INFO: ShowRuntime Behavior ::run [ RunTime:0.000584s ]
INFO: [ view_filter ] --END-- [ RunTime:0.002336s ]
INFO: [ view_end ] --START--
INFO: ShowPageTrace Behavior ::run [ RunTime:0.000602s ]
INFO: [ view_end ] --END-- [ RunTime:0.000738s ]

[ 2016-09-27T23:24:09+08:00 ] 0.0.0.0 /PrintingSystem/index.php/Login/_PUBLIC_/Css/styles.css
INFO: [ route_check ] --START--
INFO: CheckRoute Behavior ::run [ RunTime:0.000889s ]
INFO: [ route_check ] --END-- [ RunTime:0.001261s ]
INFO: [ app_begin ] --START--
INFO: ReadHtmlCache Behavior ::run [ RunTime:0.000592s ]
INFO: [ app_begin ] --END-- [ RunTime:0.000764s ]
ERR: 非法操作:_PUBLIC_

[ 2016-09-27T23:24:09+08:00 ] 0.0.0.0 /PrintingSystem/index.php/Login/login
INFO: [ route_check ] --START--
INFO: CheckRoute Behavior ::run [ RunTime:0.000867s ]
INFO: [ route_check ] --END-- [ RunTime:0.001070s ]
INFO: [ app_begin ] --START--
INFO: ReadHtmlCache Behavior ::run [ RunTime:0.000761s ]
INFO: [ app_begin ] --END-- [ RunTime:0.000939s ]
NOTIC: [8] Constant THEME_NAME already defined D:\worlk\PrintingSystem\ThinkPHP\Lib\Core\View.class.php 第 223 行.
NOTIC: [8] Constant THEME_PATH already defined D:\worlk\PrintingSystem\ThinkPHP\Lib\Core\View.class.php 第 174 行.
NOTIC: [8] Constant APP_TMPL_PATH already defined D:\worlk\PrintingSystem\ThinkPHP\Lib\Core\View.class.php 第 175 行.
INFO: [ view_parse ] --START--
INFO: ParseTemplate Behavior ::run [ RunTime:0.008739s ]
INFO: [ view_parse ] --END-- [ RunTime:0.009010s ]
INFO: [ view_filter ] --START--
INFO: ContentReplace Behavior ::run [ RunTime:0.000969s ]
INFO: TokenBuild Behavior ::run [ RunTime:0.000988s ]
INFO: WriteHtmlCache Behavior ::run [ RunTime:0.000364s ]
INFO: ShowRuntime Behavior ::run [ RunTime:0.000586s ]
INFO: [ view_filter ] --END-- [ RunTime:0.003576s ]
INFO: [ view_end ] --START--
INFO: ShowPageTrace Behavior ::run [ RunTime:0.000648s ]
INFO: [ view_end ] --END-- [ RunTime:0.000795s ]

[ 2016-09-27T23:24:09+08:00 ] 0.0.0.0 /PrintingSystem/index.php/Login/_PUBLIC_/Css/styles.css
INFO: [ route_check ] --START--
INFO: CheckRoute Behavior ::run [ RunTime:0.001269s ]
INFO: [ route_check ] --END-- [ RunTime:0.001764s ]
INFO: [ app_begin ] --START--
INFO: ReadHtmlCache Behavior ::run [ RunTime:0.000877s ]
INFO: [ app_begin ] --END-- [ RunTime:0.001071s ]
ERR: 非法操作:_PUBLIC_

[ 2016-09-27T23:24:10+08:00 ] 0.0.0.0 /PrintingSystem/index.php/Login/login
INFO: [ route_check ] --START--
INFO: CheckRoute Behavior ::run [ RunTime:0.000862s ]
INFO: [ route_check ] --END-- [ RunTime:0.001062s ]
INFO: [ app_begin ] --START--
INFO: ReadHtmlCache Behavior ::run [ RunTime:0.001341s ]
INFO: [ app_begin ] --END-- [ RunTime:0.001644s ]
NOTIC: [8] Constant THEME_NAME already defined D:\worlk\PrintingSystem\ThinkPHP\Lib\Core\View.class.php 第 223 行.
NOTIC: [8] Constant THEME_PATH already defined D:\worlk\PrintingSystem\ThinkPHP\Lib\Core\View.class.php 第 174 行.
NOTIC: [8] Constant APP_TMPL_PATH already defined D:\worlk\PrintingSystem\ThinkPHP\Lib\Core\View.class.php 第 175 行.
INFO: [ view_parse ] --START--
INFO: ParseTemplate Behavior ::run [ RunTime:0.010167s ]
INFO: [ view_parse ] --END-- [ RunTime:0.010470s ]
INFO: [ view_filter ] --START--
INFO: ContentReplace Behavior ::run [ RunTime:0.000779s ]
INFO: TokenBuild Behavior ::run [ RunTime:0.000647s ]
INFO: WriteHtmlCache Behavior ::run [ RunTime:0.000380s ]
INFO: ShowRuntime Behavior ::run [ RunTime:0.000802s ]
INFO: [ view_filter ] --END-- [ RunTime:0.003289s ]
INFO: [ view_end ] --START--
INFO: ShowPageTrace Behavior ::run [ RunTime:0.001257s ]
INFO: [ view_end ] --END-- [ RunTime:0.001434s ]

[ 2016-09-27T23:24:10+08:00 ] 0.0.0.0 /PrintingSystem/index.php/Login/_PUBLIC_/Css/styles.css
INFO: [ route_check ] --START--
INFO: CheckRoute Behavior ::run [ RunTime:0.000974s ]
INFO: [ route_check ] --END-- [ RunTime:0.001284s ]
INFO: [ app_begin ] --START--
INFO: ReadHtmlCache Behavior ::run [ RunTime:0.001236s ]
INFO: [ app_begin ] --END-- [ RunTime:0.001543s ]
ERR: 非法操作:_PUBLIC_

[ 2016-09-27T23:27:09+08:00 ] 0.0.0.0 /PrintingSystem/index.php/Login/login
INFO: [ route_check ] --START--
INFO: CheckRoute Behavior ::run [ RunTime:0.001029s ]
INFO: [ route_check ] --END-- [ RunTime:0.001258s ]
INFO: [ app_begin ] --START--
INFO: ReadHtmlCache Behavior ::run [ RunTime:0.000719s ]
INFO: [ app_begin ] --END-- [ RunTime:0.000872s ]
NOTIC: [8] Constant THEME_NAME already defined D:\worlk\PrintingSystem\ThinkPHP\Lib\Core\View.class.php 第 223 行.
NOTIC: [8] Constant THEME_PATH already defined D:\worlk\PrintingSystem\ThinkPHP\Lib\Core\View.class.php 第 174 行.
NOTIC: [8] Constant APP_TMPL_PATH already defined D:\worlk\PrintingSystem\ThinkPHP\Lib\Core\View.class.php 第 175 行.
INFO: [ view_parse ] --START--
INFO: ParseTemplate Behavior ::run [ RunTime:0.023465s ]
INFO: [ view_parse ] --END-- [ RunTime:0.023739s ]
INFO: [ view_filter ] --START--
INFO: ContentReplace Behavior ::run [ RunTime:0.000775s ]
INFO: TokenBuild Behavior ::run [ RunTime:0.000639s ]
INFO: WriteHtmlCache Behavior ::run [ RunTime:0.000413s ]
INFO: ShowRuntime Behavior ::run [ RunTime:0.000677s ]
INFO: [ view_filter ] --END-- [ RunTime:0.002985s ]
INFO: [ view_end ] --START--
INFO: ShowPageTrace Behavior ::run [ RunTime:0.000715s ]
INFO: [ view_end ] --END-- [ RunTime:0.000861s ]

[ 2016-09-27T23:27:30+08:00 ] 0.0.0.0 /PrintingSystem/index.php/Login/login?userName=&userPwd=
INFO: [ route_check ] --START--
INFO: CheckRoute Behavior ::run [ RunTime:0.003263s ]
INFO: [ route_check ] --END-- [ RunTime:0.003630s ]
INFO: [ app_begin ] --START--
INFO: ReadHtmlCache Behavior ::run [ RunTime:0.001143s ]
INFO: [ app_begin ] --END-- [ RunTime:0.001455s ]
NOTIC: [8] Constant THEME_NAME already defined D:\worlk\PrintingSystem\ThinkPHP\Lib\Core\View.class.php 第 223 行.
NOTIC: [8] Constant THEME_PATH already defined D:\worlk\PrintingSystem\ThinkPHP\Lib\Core\View.class.php 第 174 行.
NOTIC: [8] Constant APP_TMPL_PATH already defined D:\worlk\PrintingSystem\ThinkPHP\Lib\Core\View.class.php 第 175 行.
INFO: [ view_parse ] --START--
INFO: ParseTemplate Behavior ::run [ RunTime:0.015456s ]
INFO: [ view_parse ] --END-- [ RunTime:0.015781s ]
INFO: [ view_filter ] --START--
INFO: ContentReplace Behavior ::run [ RunTime:0.000568s ]
INFO: TokenBuild Behavior ::run [ RunTime:0.000555s ]
INFO: WriteHtmlCache Behavior ::run [ RunTime:0.000488s ]
INFO: ShowRuntime Behavior ::run [ RunTime:0.000978s ]
INFO: [ view_filter ] --END-- [ RunTime:0.003301s ]
INFO: [ view_end ] --START--
INFO: ShowPageTrace Behavior ::run [ RunTime:0.001094s ]
INFO: [ view_end ] --END-- [ RunTime:0.001340s ]

[ 2016-09-27T23:27:56+08:00 ] 0.0.0.0 /PrintingSystem/index.php/Login/login?userName=&userPwd=
INFO: [ route_check ] --START--
INFO: CheckRoute Behavior ::run [ RunTime:0.001106s ]
INFO: [ route_check ] --END-- [ RunTime:0.001387s ]
INFO: [ app_begin ] --START--
INFO: ReadHtmlCache Behavior ::run [ RunTime:0.000769s ]
INFO: [ app_begin ] --END-- [ RunTime:0.000956s ]
NOTIC: [8] Constant THEME_NAME already defined D:\worlk\PrintingSystem\ThinkPHP\Lib\Core\View.class.php 第 223 行.
NOTIC: [8] Constant THEME_PATH already defined D:\worlk\PrintingSystem\ThinkPHP\Lib\Core\View.class.php 第 174 行.
NOTIC: [8] Constant APP_TMPL_PATH already defined D:\worlk\PrintingSystem\ThinkPHP\Lib\Core\View.class.php 第 175 行.
INFO: [ view_parse ] --START--
INFO: ParseTemplate Behavior ::run [ RunTime:0.024128s ]
INFO: [ view_parse ] --END-- [ RunTime:0.024724s ]
INFO: [ view_filter ] --START--
INFO: ContentReplace Behavior ::run [ RunTime:0.000620s ]
INFO: TokenBuild Behavior ::run [ RunTime:0.000534s ]
INFO: WriteHtmlCache Behavior ::run [ RunTime:0.000320s ]
INFO: ShowRuntime Behavior ::run [ RunTime:0.000744s ]
INFO: [ view_filter ] --END-- [ RunTime:0.002702s ]
INFO: [ view_end ] --START--
INFO: ShowPageTrace Behavior ::run [ RunTime:0.000883s ]
INFO: [ view_end ] --END-- [ RunTime:0.001101s ]

[ 2016-09-27T23:28:21+08:00 ] 0.0.0.0 /PrintingSystem/index.php/Login/login?userName=&userPwd=
INFO: [ route_check ] --START--
INFO: CheckRoute Behavior ::run [ RunTime:0.001143s ]
INFO: [ route_check ] --END-- [ RunTime:0.001347s ]
INFO: [ app_begin ] --START--
INFO: ReadHtmlCache Behavior ::run [ RunTime:0.001827s ]
INFO: [ app_begin ] --END-- [ RunTime:0.002021s ]
NOTIC: [8] Constant THEME_NAME already defined D:\worlk\PrintingSystem\ThinkPHP\Lib\Core\View.class.php 第 223 行.
NOTIC: [8] Constant THEME_PATH already defined D:\worlk\PrintingSystem\ThinkPHP\Lib\Core\View.class.php 第 174 行.
NOTIC: [8] Constant APP_TMPL_PATH already defined D:\worlk\PrintingSystem\ThinkPHP\Lib\Core\View.class.php 第 175 行.
INFO: [ view_parse ] --START--
INFO: ParseTemplate Behavior ::run [ RunTime:0.008498s ]
INFO: [ view_parse ] --END-- [ RunTime:0.008685s ]
INFO: [ view_filter ] --START--
INFO: ContentReplace Behavior ::run [ RunTime:0.000558s ]
INFO: TokenBuild Behavior ::run [ RunTime:0.000561s ]
INFO: WriteHtmlCache Behavior ::run [ RunTime:0.000373s ]
INFO: ShowRuntime Behavior ::run [ RunTime:0.000673s ]
INFO: [ view_filter ] --END-- [ RunTime:0.002565s ]
INFO: [ view_end ] --START--
INFO: ShowPageTrace Behavior ::run [ RunTime:0.000751s ]
INFO: [ view_end ] --END-- [ RunTime:0.000907s ]

[ 2016-09-27T23:28:36+08:00 ] 0.0.0.0 /PrintingSystem/index.php/Login/login?userName=&userPwd=
INFO: [ route_check ] --START--
INFO: CheckRoute Behavior ::run [ RunTime:0.000996s ]
INFO: [ route_check ] --END-- [ RunTime:0.001246s ]
INFO: [ app_begin ] --START--
INFO: ReadHtmlCache Behavior ::run [ RunTime:0.000710s ]
INFO: [ app_begin ] --END-- [ RunTime:0.000935s ]
NOTIC: [8] Constant THEME_NAME already defined D:\worlk\PrintingSystem\ThinkPHP\Lib\Core\View.class.php 第 223 行.
NOTIC: [8] Constant THEME_PATH already defined D:\worlk\PrintingSystem\ThinkPHP\Lib\Core\View.class.php 第 174 行.
NOTIC: [8] Constant APP_TMPL_PATH already defined D:\worlk\PrintingSystem\ThinkPHP\Lib\Core\View.class.php 第 175 行.
INFO: [ view_parse ] --START--
INFO: ParseTemplate Behavior ::run [ RunTime:0.010709s ]
INFO: [ view_parse ] --END-- [ RunTime:0.011026s ]
INFO: [ view_filter ] --START--
INFO: ContentReplace Behavior ::run [ RunTime:0.000516s ]
INFO: TokenBuild Behavior ::run [ RunTime:0.000701s ]
INFO: WriteHtmlCache Behavior ::run [ RunTime:0.000530s ]
INFO: ShowRuntime Behavior ::run [ RunTime:0.001052s ]
INFO: [ view_filter ] --END-- [ RunTime:0.003447s ]
INFO: [ view_end ] --START--
INFO: ShowPageTrace Behavior ::run [ RunTime:0.001050s ]
INFO: [ view_end ] --END-- [ RunTime:0.001327s ]

[ 2016-09-27T23:28:49+08:00 ] 0.0.0.0 /PrintingSystem/index.php/Login/login?userName=&userPwd=
INFO: [ route_check ] --START--
INFO: CheckRoute Behavior ::run [ RunTime:0.000993s ]
INFO: [ route_check ] --END-- [ RunTime:0.001253s ]
INFO: [ app_begin ] --START--
INFO: ReadHtmlCache Behavior ::run [ RunTime:0.000707s ]
INFO: [ app_begin ] --END-- [ RunTime:0.000899s ]
NOTIC: [8] Constant THEME_NAME already defined D:\worlk\PrintingSystem\ThinkPHP\Lib\Core\View.class.php 第 223 行.
NOTIC: [8] Constant THEME_PATH already defined D:\worlk\PrintingSystem\ThinkPHP\Lib\Core\View.class.php 第 174 行.
NOTIC: [8] Constant APP_TMPL_PATH already defined D:\worlk\PrintingSystem\ThinkPHP\Lib\Core\View.class.php 第 175 行.
INFO: [ view_parse ] --START--
INFO: ParseTemplate Behavior ::run [ RunTime:0.010135s ]
INFO: [ view_parse ] --END-- [ RunTime:0.010353s ]
INFO: [ view_filter ] --START--
INFO: ContentReplace Behavior ::run [ RunTime:0.000682s ]
INFO: TokenBuild Behavior ::run [ RunTime:0.000781s ]
INFO: WriteHtmlCache Behavior ::run [ RunTime:0.000477s ]
INFO: ShowRuntime Behavior ::run [ RunTime:0.000692s ]
INFO: [ view_filter ] --END-- [ RunTime:0.003145s ]
INFO: [ view_end ] --START--
INFO: ShowPageTrace Behavior ::run [ RunTime:0.000723s ]
INFO: [ view_end ] --END-- [ RunTime:0.000899s ]

[ 2016-09-27T23:29:04+08:00 ] 0.0.0.0 /PrintingSystem/index.php/Login/login?userName=&userPwd=
INFO: [ route_check ] --START--
INFO: CheckRoute Behavior ::run [ RunTime:0.000860s ]
INFO: [ route_check ] --END-- [ RunTime:0.001107s ]
INFO: [ app_begin ] --START--
INFO: ReadHtmlCache Behavior ::run [ RunTime:0.001828s ]
INFO: [ app_begin ] --END-- [ RunTime:0.002426s ]
NOTIC: [8] Constant THEME_NAME already defined D:\worlk\PrintingSystem\ThinkPHP\Lib\Core\View.class.php 第 223 行.
NOTIC: [8] Constant THEME_PATH already defined D:\worlk\PrintingSystem\ThinkPHP\Lib\Core\View.class.php 第 174 行.
NOTIC: [8] Constant APP_TMPL_PATH already defined D:\worlk\PrintingSystem\ThinkPHP\Lib\Core\View.class.php 第 175 行.
INFO: [ view_parse ] --START--
INFO: ParseTemplate Behavior ::run [ RunTime:0.011330s ]
INFO: [ view_parse ] --END-- [ RunTime:0.011578s ]
INFO: [ view_filter ] --START--
INFO: ContentReplace Behavior ::run [ RunTime:0.000506s ]
INFO: TokenBuild Behavior ::run [ RunTime:0.000497s ]
INFO: WriteHtmlCache Behavior ::run [ RunTime:0.000341s ]
INFO: ShowRuntime Behavior ::run [ RunTime:0.001240s ]
INFO: [ view_filter ] --END-- [ RunTime:0.003113s ]
INFO: [ view_end ] --START--
INFO: ShowPageTrace Behavior ::run [ RunTime:0.001045s ]
INFO: [ view_end ] --END-- [ RunTime:0.001253s ]

[ 2016-09-27T23:29:33+08:00 ] 0.0.0.0 /PrintingSystem/index.php/Login/login?userName=&userPwd=
INFO: [ route_check ] --START--
INFO: CheckRoute Behavior ::run [ RunTime:0.001049s ]
INFO: [ route_check ] --END-- [ RunTime:0.001307s ]
INFO: [ app_begin ] --START--
INFO: ReadHtmlCache Behavior ::run [ RunTime:0.003520s ]
INFO: [ app_begin ] --END-- [ RunTime:0.004181s ]
NOTIC: [8] Constant THEME_NAME already defined D:\worlk\PrintingSystem\ThinkPHP\Lib\Core\View.class.php 第 223 行.
NOTIC: [8] Constant THEME_PATH already defined D:\worlk\PrintingSystem\ThinkPHP\Lib\Core\View.class.php 第 174 行.
NOTIC: [8] Constant APP_TMPL_PATH already defined D:\worlk\PrintingSystem\ThinkPHP\Lib\Core\View.class.php 第 175 行.
INFO: [ view_parse ] --START--
INFO: ParseTemplate Behavior ::run [ RunTime:0.014106s ]
INFO: [ view_parse ] --END-- [ RunTime:0.014292s ]
INFO: [ view_filter ] --START--
INFO: ContentReplace Behavior ::run [ RunTime:0.000563s ]
INFO: TokenBuild Behavior ::run [ RunTime:0.000651s ]
INFO: WriteHtmlCache Behavior ::run [ RunTime:0.000438s ]
INFO: ShowRuntime Behavior ::run [ RunTime:0.000693s ]
INFO: [ view_filter ] --END-- [ RunTime:0.002819s ]
INFO: [ view_end ] --START--
INFO: ShowPageTrace Behavior ::run [ RunTime:0.000773s ]
INFO: [ view_end ] --END-- [ RunTime:0.000925s ]

[ 2016-09-27T23:29:38+08:00 ] 0.0.0.0 /PrintingSystem/index.php/Login/login?userName=&userPwd=
INFO: [ route_check ] --START--
INFO: CheckRoute Behavior ::run [ RunTime:0.000711s ]
INFO: [ route_check ] --END-- [ RunTime:0.000874s ]
INFO: [ app_begin ] --START--
INFO: ReadHtmlCache Behavior ::run [ RunTime:0.000549s ]
INFO: [ app_begin ] --END-- [ RunTime:0.000734s ]
NOTIC: [8] Constant THEME_NAME already defined D:\worlk\PrintingSystem\ThinkPHP\Lib\Core\View.class.php 第 223 行.
NOTIC: [8] Constant THEME_PATH already defined D:\worlk\PrintingSystem\ThinkPHP\Lib\Core\View.class.php 第 174 行.
NOTIC: [8] Constant APP_TMPL_PATH already defined D:\worlk\PrintingSystem\ThinkPHP\Lib\Core\View.class.php 第 175 行.
INFO: [ view_parse ] --START--
INFO: ParseTemplate Behavior ::run [ RunTime:0.008054s ]
INFO: [ view_parse ] --END-- [ RunTime:0.008257s ]
INFO: [ view_filter ] --START--
INFO: ContentReplace Behavior ::run [ RunTime:0.000543s ]
INFO: TokenBuild Behavior ::run [ RunTime:0.000529s ]
INFO: WriteHtmlCache Behavior ::run [ RunTime:0.000284s ]
INFO: ShowRuntime Behavior ::run [ RunTime:0.000575s ]
INFO: [ view_filter ] --END-- [ RunTime:0.002325s ]
INFO: [ view_end ] --START--
INFO: ShowPageTrace Behavior ::run [ RunTime:0.000782s ]
INFO: [ view_end ] --END-- [ RunTime:0.000972s ]

[ 2016-09-27T23:29:44+08:00 ] 0.0.0.0 /PrintingSystem/index.php/Login/login?userName=&userPwd=
INFO: [ route_check ] --START--
INFO: CheckRoute Behavior ::run [ RunTime:0.001342s ]
INFO: [ route_check ] --END-- [ RunTime:0.001718s ]
INFO: [ app_begin ] --START--
INFO: ReadHtmlCache Behavior ::run [ RunTime:0.000905s ]
INFO: [ app_begin ] --END-- [ RunTime:0.001153s ]
NOTIC: [8] Constant THEME_NAME already defined D:\worlk\PrintingSystem\ThinkPHP\Lib\Core\View.class.php 第 223 行.
NOTIC: [8] Constant THEME_PATH already defined D:\worlk\PrintingSystem\ThinkPHP\Lib\Core\View.class.php 第 174 行.
NOTIC: [8] Constant APP_TMPL_PATH already defined D:\worlk\PrintingSystem\ThinkPHP\Lib\Core\View.class.php 第 175 行.
INFO: [ view_parse ] --START--
INFO: ParseTemplate Behavior ::run [ RunTime:0.007407s ]
INFO: [ view_parse ] --END-- [ RunTime:0.007577s ]
INFO: [ view_filter ] --START--
INFO: ContentReplace Behavior ::run [ RunTime:0.000445s ]
INFO: TokenBuild Behavior ::run [ RunTime:0.000507s ]
INFO: WriteHtmlCache Behavior ::run [ RunTime:0.000310s ]
INFO: ShowRuntime Behavior ::run [ RunTime:0.001771s ]
INFO: [ view_filter ] --END-- [ RunTime:0.003540s ]
INFO: [ view_end ] --START--
INFO: ShowPageTrace Behavior ::run [ RunTime:0.001144s ]
INFO: [ view_end ] --END-- [ RunTime:0.001450s ]

[ 2016-09-27T23:29:54+08:00 ] 0.0.0.0 /PrintingSystem/index.php/Login/login?userName=&userPwd=
INFO: [ route_check ] --START--
INFO: CheckRoute Behavior ::run [ RunTime:0.000920s ]
INFO: [ route_check ] --END-- [ RunTime:0.001132s ]
INFO: [ app_begin ] --START--
INFO: ReadHtmlCache Behavior ::run [ RunTime:0.000759s ]
INFO: [ app_begin ] --END-- [ RunTime:0.000951s ]
NOTIC: [8] Constant THEME_NAME already defined D:\worlk\PrintingSystem\ThinkPHP\Lib\Core\View.class.php 第 223 行.
NOTIC: [8] Constant THEME_PATH already defined D:\worlk\PrintingSystem\ThinkPHP\Lib\Core\View.class.php 第 174 行.
NOTIC: [8] Constant APP_TMPL_PATH already defined D:\worlk\PrintingSystem\ThinkPHP\Lib\Core\View.class.php 第 175 行.
INFO: [ view_parse ] --START--
INFO: ParseTemplate Behavior ::run [ RunTime:0.009522s ]
INFO: [ view_parse ] --END-- [ RunTime:0.009741s ]
INFO: [ view_filter ] --START--
INFO: ContentReplace Behavior ::run [ RunTime:0.000575s ]
INFO: TokenBuild Behavior ::run [ RunTime:0.000614s ]
INFO: WriteHtmlCache Behavior ::run [ RunTime:0.000374s ]
INFO: ShowRuntime Behavior ::run [ RunTime:0.000736s ]
INFO: [ view_filter ] --END-- [ RunTime:0.002841s ]
INFO: [ view_end ] --START--
INFO: ShowPageTrace Behavior ::run [ RunTime:0.000801s ]
INFO: [ view_end ] --END-- [ RunTime:0.001058s ]

[ 2016-09-27T23:29:59+08:00 ] 0.0.0.0 /PrintingSystem/index.php/Login/login?userName=&userPwd=
INFO: [ route_check ] --START--
INFO: CheckRoute Behavior ::run [ RunTime:0.000711s ]
INFO: [ route_check ] --END-- [ RunTime:0.000874s ]
INFO: [ app_begin ] --START--
INFO: ReadHtmlCache Behavior ::run [ RunTime:0.000553s ]
INFO: [ app_begin ] --END-- [ RunTime:0.000693s ]
NOTIC: [8] Constant THEME_NAME already defined D:\worlk\PrintingSystem\ThinkPHP\Lib\Core\View.class.php 第 223 行.
NOTIC: [8] Constant THEME_PATH already defined D:\worlk\PrintingSystem\ThinkPHP\Lib\Core\View.class.php 第 174 行.
NOTIC: [8] Constant APP_TMPL_PATH already defined D:\worlk\PrintingSystem\ThinkPHP\Lib\Core\View.class.php 第 175 行.
INFO: [ view_parse ] --START--
INFO: ParseTemplate Behavior ::run [ RunTime:0.011247s ]
INFO: [ view_parse ] --END-- [ RunTime:0.011416s ]
INFO: [ view_filter ] --START--
INFO: ContentReplace Behavior ::run [ RunTime:0.000442s ]
INFO: TokenBuild Behavior ::run [ RunTime:0.000462s ]
INFO: WriteHtmlCache Behavior ::run [ RunTime:0.000297s ]
INFO: ShowRuntime Behavior ::run [ RunTime:0.000573s ]
INFO: [ view_filter ] --END-- [ RunTime:0.002161s ]
INFO: [ view_end ] --START--
INFO: ShowPageTrace Behavior ::run [ RunTime:0.000603s ]
INFO: [ view_end ] --END-- [ RunTime:0.000739s ]

[ 2016-09-27T23:30:53+08:00 ] 0.0.0.0 /PrintingSystem/index.php/Login/login?userName=&userPwd=
INFO: [ route_check ] --START--
INFO: CheckRoute Behavior ::run [ RunTime:0.029883s ]
INFO: [ route_check ] --END-- [ RunTime:0.030188s ]
INFO: [ app_begin ] --START--
INFO: ReadHtmlCache Behavior ::run [ RunTime:0.031859s ]
INFO: [ app_begin ] --END-- [ RunTime:0.032063s ]
NOTIC: [8] Constant THEME_NAME already defined D:\worlk\PrintingSystem\ThinkPHP\Lib\Core\View.class.php 第 223 行.
NOTIC: [8] Constant THEME_PATH already defined D:\worlk\PrintingSystem\ThinkPHP\Lib\Core\View.class.php 第 174 行.
NOTIC: [8] Constant APP_TMPL_PATH already defined D:\worlk\PrintingSystem\ThinkPHP\Lib\Core\View.class.php 第 175 行.
INFO: [ view_parse ] --START--
INFO: ParseTemplate Behavior ::run [ RunTime:0.055001s ]
INFO: [ view_parse ] --END-- [ RunTime:0.055258s ]
INFO: [ view_filter ] --START--
INFO: ContentReplace Behavior ::run [ RunTime:0.002358s ]
INFO: TokenBuild Behavior ::run [ RunTime:0.011067s ]
INFO: WriteHtmlCache Behavior ::run [ RunTime:0.000605s ]
INFO: ShowRuntime Behavior ::run [ RunTime:0.000782s ]
INFO: [ view_filter ] --END-- [ RunTime:0.015344s ]
INFO: [ view_end ] --START--
INFO: ShowPageTrace Behavior ::run [ RunTime:0.000946s ]
INFO: [ view_end ] --END-- [ RunTime:0.001160s ]

