[ 2016-10-04T11:10:53+08:00 ] 0.0.0.0 /PrintingSystem/
INFO: [ app_begin ] --START--
INFO: ReadHtmlCache Behavior ::run [ RunTime:0.024006s ]
INFO: [ app_begin ] --END-- [ RunTime:0.024193s ]
INFO: [ view_parse ] --START--
INFO: ParseTemplate Behavior ::run [ RunTime:0.088202s ]
INFO: [ view_parse ] --END-- [ RunTime:0.088418s ]
INFO: [ view_filter ] --START--
INFO: ContentReplace Behavior ::run [ RunTime:0.008571s ]
INFO: TokenBuild Behavior ::run [ RunTime:0.001570s ]
INFO: WriteHtmlCache Behavior ::run [ RunTime:0.007249s ]
INFO: ShowRuntime Behavior ::run [ RunTime:0.010306s ]
INFO: [ view_filter ] --END-- [ RunTime:0.028214s ]
INFO: [ view_end ] --START--
INFO: ShowPageTrace Behavior ::run [ RunTime:0.007792s ]
INFO: [ view_end ] --END-- [ RunTime:0.007972s ]

[ 2016-10-04T11:11:06+08:00 ] 0.0.0.0 /PrintingSystem/index.php/Login/login
INFO: [ route_check ] --START--
INFO: CheckRoute Behavior ::run [ RunTime:0.029821s ]
INFO: [ route_check ] --END-- [ RunTime:0.030108s ]
INFO: [ app_begin ] --START--
INFO: ReadHtmlCache Behavior ::run [ RunTime:0.000615s ]
INFO: [ app_begin ] --END-- [ RunTime:0.000754s ]
NOTIC: [8] Constant THEME_NAME already defined D:\worlk\PrintingSystem\ThinkPHP\Lib\Core\View.class.php 第 223 行.
NOTIC: [8] Constant THEME_PATH already defined D:\worlk\PrintingSystem\ThinkPHP\Lib\Core\View.class.php 第 174 行.
NOTIC: [8] Constant APP_TMPL_PATH already defined D:\worlk\PrintingSystem\ThinkPHP\Lib\Core\View.class.php 第 175 行.
INFO: [ view_parse ] --START--
NOTIC: [8] Undefined variable: msg D:\worlk\PrintingSystem\index\Runtime\Cache\a8d1dd5f72822727b57d62d0c898f7fe.php 第 11 行.
INFO: ParseTemplate Behavior ::run [ RunTime:0.062252s ]
INFO: [ view_parse ] --END-- [ RunTime:0.062529s ]
INFO: [ view_filter ] --START--
INFO: ContentReplace Behavior ::run [ RunTime:0.000475s ]
INFO: TokenBuild Behavior ::run [ RunTime:0.000459s ]
INFO: WriteHtmlCache Behavior ::run [ RunTime:0.000297s ]
INFO: ShowRuntime Behavior ::run [ RunTime:0.000601s ]
INFO: [ view_filter ] --END-- [ RunTime:0.002241s ]
INFO: [ view_end ] --START--
INFO: ShowPageTrace Behavior ::run [ RunTime:0.000610s ]
INFO: [ view_end ] --END-- [ RunTime:0.000767s ]

[ 2016-10-04T11:11:38+08:00 ] 0.0.0.0 /PrintingSystem/index.php/Login/login
INFO: [ route_check ] --START--
INFO: CheckRoute Behavior ::run [ RunTime:0.001446s ]
INFO: [ route_check ] --END-- [ RunTime:0.001678s ]
INFO: [ app_begin ] --START--
INFO: ReadHtmlCache Behavior ::run [ RunTime:0.001096s ]
INFO: [ app_begin ] --END-- [ RunTime:0.001300s ]
NOTIC: [8] Constant THEME_NAME already defined D:\worlk\PrintingSystem\ThinkPHP\Lib\Core\View.class.php 第 223 行.
NOTIC: [8] Constant THEME_PATH already defined D:\worlk\PrintingSystem\ThinkPHP\Lib\Core\View.class.php 第 174 行.
NOTIC: [8] Constant APP_TMPL_PATH already defined D:\worlk\PrintingSystem\ThinkPHP\Lib\Core\View.class.php 第 175 行.
INFO: [ view_parse ] --START--
NOTIC: [8] Undefined variable: msg D:\worlk\PrintingSystem\index\Runtime\Cache\a8d1dd5f72822727b57d62d0c898f7fe.php 第 11 行.
INFO: ParseTemplate Behavior ::run [ RunTime:0.028610s ]
INFO: [ view_parse ] --END-- [ RunTime:0.028803s ]
INFO: [ view_filter ] --START--
INFO: ContentReplace Behavior ::run [ RunTime:0.000814s ]
INFO: TokenBuild Behavior ::run [ RunTime:0.000867s ]
INFO: WriteHtmlCache Behavior ::run [ RunTime:0.000673s ]
INFO: ShowRuntime Behavior ::run [ RunTime:0.000803s ]
INFO: [ view_filter ] --END-- [ RunTime:0.003645s ]
INFO: [ view_end ] --START--
INFO: ShowPageTrace Behavior ::run [ RunTime:0.000743s ]
INFO: [ view_end ] --END-- [ RunTime:0.000920s ]

[ 2016-10-04T11:11:49+08:00 ] 0.0.0.0 /PrintingSystem/index.php/Login/loginCheck
INFO: [ route_check ] --START--
INFO: CheckRoute Behavior ::run [ RunTime:0.000801s ]
INFO: [ route_check ] --END-- [ RunTime:0.000976s ]
INFO: [ app_begin ] --START--
INFO: ReadHtmlCache Behavior ::run [ RunTime:0.000714s ]
INFO: [ app_begin ] --END-- [ RunTime:0.000910s ]
NOTIC: [2048] Declaration of LoginModel::check() should be compatible with Model::check($value, $rule, $type = 'regex') D:\worlk\PrintingSystem\index\Lib\Model\LoginModel.class.php 第 6 行.
SQL: SHOW COLUMNS FROM `tb_login` [ RunTime:0.009238s ]
ERR: 1146:Table 'db_printing.tb_login' doesn't exist
 [ SQL语句 ] : SHOW COLUMNS FROM `tb_login`
SQL: SHOW COLUMNS FROM `tb_user` [ RunTime:0.010905s ]
SQL: SELECT * FROM `tb_user` WHERE ( `userName` = '' ) AND ( `userPwd` = '' )  [ RunTime:0.012162s ]
INFO: [ view_parse ] --START--
INFO: ParseTemplate Behavior ::run [ RunTime:0.017384s ]
INFO: [ view_parse ] --END-- [ RunTime:0.017592s ]
INFO: [ view_filter ] --START--
INFO: ContentReplace Behavior ::run [ RunTime:0.000475s ]
INFO: TokenBuild Behavior ::run [ RunTime:0.000460s ]
INFO: WriteHtmlCache Behavior ::run [ RunTime:0.000404s ]
INFO: ShowRuntime Behavior ::run [ RunTime:0.002318s ]
INFO: [ view_filter ] --END-- [ RunTime:0.004345s ]
INFO: [ view_end ] --START--
INFO: ShowPageTrace Behavior ::run [ RunTime:0.001278s ]
INFO: [ view_end ] --END-- [ RunTime:0.001589s ]

[ 2016-10-04T17:07:04+08:00 ] 0.0.0.0 /PrintingSystem/
INFO: [ app_begin ] --START--
INFO: ReadHtmlCache Behavior ::run [ RunTime:0.011382s ]
INFO: [ app_begin ] --END-- [ RunTime:0.011590s ]
INFO: [ view_parse ] --START--
INFO: ParseTemplate Behavior ::run [ RunTime:0.123842s ]
INFO: [ view_parse ] --END-- [ RunTime:0.124153s ]
INFO: [ view_filter ] --START--
INFO: ContentReplace Behavior ::run [ RunTime:0.009211s ]
INFO: TokenBuild Behavior ::run [ RunTime:0.001464s ]
INFO: WriteHtmlCache Behavior ::run [ RunTime:0.001081s ]
INFO: ShowRuntime Behavior ::run [ RunTime:0.001308s ]
INFO: [ view_filter ] --END-- [ RunTime:0.013568s ]
INFO: [ view_end ] --START--
INFO: ShowPageTrace Behavior ::run [ RunTime:0.008502s ]
INFO: [ view_end ] --END-- [ RunTime:0.008681s ]

